[debug] [2025-11-05T06:14:37.092Z] ----------------------------------------------------------------------
[debug] [2025-11-05T06:14:37.096Z] Command:       /Users/macbookair/.nvm/versions/node/v22.19.0/bin/node /Users/macbookair/.nvm/versions/node/v22.19.0/bin/firebase deploy --only functions:createClassMeetLink
[debug] [2025-11-05T06:14:37.096Z] CLI Version:   14.23.0
[debug] [2025-11-05T06:14:37.097Z] Platform:      darwin
[debug] [2025-11-05T06:14:37.097Z] Node Version:  v22.19.0
[debug] [2025-11-05T06:14:37.097Z] Time:          Wed Nov 05 2025 14:14:37 GMT+0800 (Philippine Standard Time)
[debug] [2025-11-05T06:14:37.097Z] ----------------------------------------------------------------------
[debug] 
[debug] [2025-11-05T06:14:37.413Z] > command requires scopes: ["email","openid","https://www.googleapis.com/auth/cloudplatformprojects.readonly","https://www.googleapis.com/auth/firebase","https://www.googleapis.com/auth/cloud-platform"]
[debug] [2025-11-05T06:14:37.413Z] > authorizing via signed-in user (floresflorejun@gmail.com)
[debug] [2025-11-05T06:14:37.414Z] [iam] checking project srcs-log-book for permissions ["cloudfunctions.functions.create","cloudfunctions.functions.delete","cloudfunctions.functions.get","cloudfunctions.functions.list","cloudfunctions.functions.update","cloudfunctions.operations.get","firebase.projects.get"]
[debug] [2025-11-05T06:14:37.415Z] Checked if tokens are valid: true, expires at: 1762326718790
[debug] [2025-11-05T06:14:37.416Z] Checked if tokens are valid: true, expires at: 1762326718790
[debug] [2025-11-05T06:14:37.417Z] >>> [apiv2][query] POST https://cloudresourcemanager.googleapis.com/v1/projects/srcs-log-book:testIamPermissions [none]
[debug] [2025-11-05T06:14:37.417Z] >>> [apiv2][(partial)header] POST https://cloudresourcemanager.googleapis.com/v1/projects/srcs-log-book:testIamPermissions x-goog-quota-user=projects/srcs-log-book
[debug] [2025-11-05T06:14:37.417Z] >>> [apiv2][body] POST https://cloudresourcemanager.googleapis.com/v1/projects/srcs-log-book:testIamPermissions {"permissions":["cloudfunctions.functions.create","cloudfunctions.functions.delete","cloudfunctions.functions.get","cloudfunctions.functions.list","cloudfunctions.functions.update","cloudfunctions.operations.get","firebase.projects.get"]}
[debug] [2025-11-05T06:14:38.730Z] <<< [apiv2][status] POST https://cloudresourcemanager.googleapis.com/v1/projects/srcs-log-book:testIamPermissions 200
[debug] [2025-11-05T06:14:38.730Z] <<< [apiv2][body] POST https://cloudresourcemanager.googleapis.com/v1/projects/srcs-log-book:testIamPermissions {"permissions":["cloudfunctions.functions.create","cloudfunctions.functions.delete","cloudfunctions.functions.get","cloudfunctions.functions.list","cloudfunctions.functions.update","cloudfunctions.operations.get","firebase.projects.get"]}
[debug] [2025-11-05T06:14:38.730Z] Checked if tokens are valid: true, expires at: 1762326718790
[debug] [2025-11-05T06:14:38.731Z] Checked if tokens are valid: true, expires at: 1762326718790
[debug] [2025-11-05T06:14:38.731Z] >>> [apiv2][query] POST https://iam.googleapis.com/v1/projects/srcs-log-book/serviceAccounts/srcs-log-book@appspot.gserviceaccount.com:testIamPermissions [none]
[debug] [2025-11-05T06:14:38.731Z] >>> [apiv2][body] POST https://iam.googleapis.com/v1/projects/srcs-log-book/serviceAccounts/srcs-log-book@appspot.gserviceaccount.com:testIamPermissions {"permissions":["iam.serviceAccounts.actAs"]}
[debug] [2025-11-05T06:14:40.430Z] <<< [apiv2][status] POST https://iam.googleapis.com/v1/projects/srcs-log-book/serviceAccounts/srcs-log-book@appspot.gserviceaccount.com:testIamPermissions 200
[debug] [2025-11-05T06:14:40.430Z] <<< [apiv2][body] POST https://iam.googleapis.com/v1/projects/srcs-log-book/serviceAccounts/srcs-log-book@appspot.gserviceaccount.com:testIamPermissions {"permissions":["iam.serviceAccounts.actAs"]}
[info] 
[info] === Deploying to 'srcs-log-book'...
[info] 
[info] i  deploying functions 
[debug] [2025-11-05T06:14:40.436Z] Checked if tokens are valid: true, expires at: 1762326718790
[debug] [2025-11-05T06:14:40.437Z] Checked if tokens are valid: true, expires at: 1762326718790
[debug] [2025-11-05T06:14:40.437Z] >>> [apiv2][query] GET https://cloudresourcemanager.googleapis.com/v1/projects/srcs-log-book [none]
[debug] [2025-11-05T06:14:41.042Z] <<< [apiv2][status] GET https://cloudresourcemanager.googleapis.com/v1/projects/srcs-log-book 200
[debug] [2025-11-05T06:14:41.042Z] <<< [apiv2][body] GET https://cloudresourcemanager.googleapis.com/v1/projects/srcs-log-book {"projectNumber":"1016390403599","projectId":"srcs-log-book","lifecycleState":"ACTIVE","name":"SRCS Log Book","labels":{"firebase":"enabled","firebase-core":"disabled"},"createTime":"2025-06-26T00:01:17.177870Z"}
[info] i  functions: preparing codebase default for deployment 
[info] i  functions: ensuring required API cloudfunctions.googleapis.com is enabled... 
[info] i  functions: ensuring required API cloudbuild.googleapis.com is enabled... 
[info] i  artifactregistry: ensuring required API artifactregistry.googleapis.com is enabled... 
[debug] [2025-11-05T06:14:41.046Z] Checked if tokens are valid: true, expires at: 1762326718790
[debug] [2025-11-05T06:14:41.046Z] Checked if tokens are valid: true, expires at: 1762326718790
[debug] [2025-11-05T06:14:41.047Z] >>> [apiv2][query] GET https://firebase.googleapis.com/v1beta1/projects/srcs-log-book/adminSdkConfig [none]
[debug] [2025-11-05T06:14:42.543Z] <<< [apiv2][status] GET https://firebase.googleapis.com/v1beta1/projects/srcs-log-book/adminSdkConfig 200
[debug] [2025-11-05T06:14:42.543Z] <<< [apiv2][body] GET https://firebase.googleapis.com/v1beta1/projects/srcs-log-book/adminSdkConfig {"projectId":"srcs-log-book","storageBucket":"srcs-log-book.firebasestorage.app"}
[debug] [2025-11-05T06:14:42.544Z] Checked if tokens are valid: true, expires at: 1762326718790
[debug] [2025-11-05T06:14:42.544Z] Checked if tokens are valid: true, expires at: 1762326718790
[debug] [2025-11-05T06:14:42.544Z] >>> [apiv2][query] GET https://runtimeconfig.googleapis.com/v1beta1/projects/srcs-log-book/configs [none]
[debug] [2025-11-05T06:14:43.132Z] <<< [apiv2][status] GET https://runtimeconfig.googleapis.com/v1beta1/projects/srcs-log-book/configs 200
[debug] [2025-11-05T06:14:43.132Z] <<< [apiv2][body] GET https://runtimeconfig.googleapis.com/v1beta1/projects/srcs-log-book/configs {}
[debug] [2025-11-05T06:14:43.133Z] Validating nodejs source
[warn] ⚠  functions: package.json indicates an outdated version of firebase-functions. Please upgrade using npm install --save firebase-functions@latest in your functions directory. 
[debug] [2025-11-05T06:14:44.187Z] > [functions] package.json contents: {
  "name": "functions",
  "description": "Cloud Functions for Firebase",
  "scripts": {
    "serve": "firebase emulators:start --only functions",
    "shell": "firebase functions:shell",
    "start": "npm run shell",
    "deploy": "firebase deploy --only functions",
    "logs": "firebase functions:log"
  },
  "engines": {
    "node": "20"
  },
  "main": "index.js",
  "dependencies": {
    "@google-cloud/storage": "^7.17.1",
    "firebase-admin": "^13.5.0",
    "firebase-functions": "^6.4.0",
    "mammoth": "^1.10.0",
    "pdf-parse": "^1.1.1"
  },
  "devDependencies": {
    "firebase-functions-test": "^3.4.1"
  },
  "private": true
}
[debug] [2025-11-05T06:14:44.187Z] Building nodejs source
[info] i  functions: Loading and analyzing source code for codebase default to determine what to deploy 
[debug] [2025-11-05T06:14:44.188Z] Could not find functions.yaml. Must use http discovery
[debug] [2025-11-05T06:14:44.200Z] Found firebase-functions binary at '/Volumes/SRCS/FlorejunFiles/LMS Backup/srcslmsstable-main/functions/node_modules/.bin/firebase-functions'
[info] Serving at port 8242

[error] [FALLBACK] Using v1 auth.user().onDelete – consider upgrading firebase-functions for v2.

[debug] [2025-11-05T06:14:46.066Z] Got response from /__/functions.yaml {"endpoints":{"createMultipleUsers":{"availableMemoryMb":null,"timeoutSeconds":null,"minInstances":null,"maxInstances":null,"ingressSettings":null,"concurrency":null,"serviceAccountEmail":null,"vpc":null,"platform":"gcfv2","labels":{},"callableTrigger":{},"entryPoint":"createMultipleUsers"},"onUserDeleted":{"platform":"gcfv1","availableMemoryMb":null,"timeoutSeconds":null,"minInstances":null,"maxInstances":null,"ingressSettings":null,"serviceAccountEmail":null,"vpc":null,"eventTrigger":{"eventType":"providers/firebase.auth/eventTypes/user.delete","eventFilters":{"resource":"projects/srcs-log-book"},"retry":false},"labels":{},"entryPoint":"onUserDeleted"},"updateUserRole":{"availableMemoryMb":null,"timeoutSeconds":null,"minInstances":null,"maxInstances":null,"ingressSettings":null,"concurrency":null,"serviceAccountEmail":null,"vpc":null,"platform":"gcfv2","labels":{},"callableTrigger":{},"entryPoint":"updateUserRole"},"setUserRestrictionStatus":{"availableMemoryMb":null,"timeoutSeconds":null,"minInstances":null,"maxInstances":null,"ingressSettings":null,"concurrency":null,"serviceAccountEmail":null,"vpc":null,"platform":"gcfv2","labels":{},"callableTrigger":{},"entryPoint":"setUserRestrictionStatus"},"createClassMeetLink":{"availableMemoryMb":null,"timeoutSeconds":null,"minInstances":null,"maxInstances":null,"ingressSettings":null,"concurrency":null,"serviceAccountEmail":null,"vpc":null,"platform":"gcfv2","labels":{},"callableTrigger":{},"entryPoint":"createClassMeetLink"}},"specVersion":"v1alpha1","requiredAPIs":[],"extensions":{}}
[info] i  extensions: ensuring required API firebaseextensions.googleapis.com is enabled... 
[debug] [2025-11-05T06:14:50.115Z] > command requires scopes: ["email","openid","https://www.googleapis.com/auth/cloudplatformprojects.readonly","https://www.googleapis.com/auth/firebase","https://www.googleapis.com/auth/cloud-platform"]
[debug] [2025-11-05T06:14:50.115Z] > authorizing via signed-in user (floresflorejun@gmail.com)
[debug] [2025-11-05T06:14:50.115Z] [iam] checking project srcs-log-book for permissions ["firebase.projects.get","firebaseextensions.instances.list"]
[debug] [2025-11-05T06:14:50.115Z] Checked if tokens are valid: true, expires at: 1762326718790
[debug] [2025-11-05T06:14:50.116Z] Checked if tokens are valid: true, expires at: 1762326718790
[debug] [2025-11-05T06:14:50.116Z] >>> [apiv2][query] POST https://cloudresourcemanager.googleapis.com/v1/projects/srcs-log-book:testIamPermissions [none]
[debug] [2025-11-05T06:14:50.116Z] >>> [apiv2][(partial)header] POST https://cloudresourcemanager.googleapis.com/v1/projects/srcs-log-book:testIamPermissions x-goog-quota-user=projects/srcs-log-book
[debug] [2025-11-05T06:14:50.116Z] >>> [apiv2][body] POST https://cloudresourcemanager.googleapis.com/v1/projects/srcs-log-book:testIamPermissions {"permissions":["firebase.projects.get","firebaseextensions.instances.list"]}
[debug] [2025-11-05T06:14:51.232Z] <<< [apiv2][status] POST https://cloudresourcemanager.googleapis.com/v1/projects/srcs-log-book:testIamPermissions 200
[debug] [2025-11-05T06:14:51.233Z] <<< [apiv2][body] POST https://cloudresourcemanager.googleapis.com/v1/projects/srcs-log-book:testIamPermissions {"permissions":["firebase.projects.get","firebaseextensions.instances.list"]}
[debug] [2025-11-05T06:14:51.233Z] Checked if tokens are valid: true, expires at: 1762326718790
[debug] [2025-11-05T06:14:51.234Z] Checked if tokens are valid: true, expires at: 1762326718790
[debug] [2025-11-05T06:14:51.234Z] >>> [apiv2][query] GET https://firebaseextensions.googleapis.com/v1beta/projects/srcs-log-book/instances pageSize=100&pageToken=
[debug] [2025-11-05T06:14:52.714Z] <<< [apiv2][status] GET https://firebaseextensions.googleapis.com/v1beta/projects/srcs-log-book/instances 200
[debug] [2025-11-05T06:14:52.714Z] <<< [apiv2][body] GET https://firebaseextensions.googleapis.com/v1beta/projects/srcs-log-book/instances {}
[info] i  functions: preparing functions directory for uploading... 
[info] i  functions: packaged /Volumes/SRCS/FlorejunFiles/LMS Backup/srcslmsstable-main/functions (76.45 KB) for uploading 
[info] i  functions: packaged /Volumes/SRCS/FlorejunFiles/LMS Backup/srcslmsstable-main/functions (76.65 KB) for uploading 
[debug] [2025-11-05T06:14:52.813Z] Checked if tokens are valid: true, expires at: 1762326718790
[debug] [2025-11-05T06:14:52.813Z] Checked if tokens are valid: true, expires at: 1762326718790
[debug] [2025-11-05T06:14:52.813Z] >>> [apiv2][query] GET https://cloudfunctions.googleapis.com/v1/projects/srcs-log-book/locations/-/functions [none]
[debug] [2025-11-05T06:14:54.148Z] <<< [apiv2][status] GET https://cloudfunctions.googleapis.com/v1/projects/srcs-log-book/locations/-/functions 200
[debug] [2025-11-05T06:14:54.148Z] <<< [apiv2][body] GET https://cloudfunctions.googleapis.com/v1/projects/srcs-log-book/locations/-/functions {"functions":[{"name":"projects/srcs-log-book/locations/us-central1/functions/generateImageFromPrompt","httpsTrigger":{"url":"https://us-central1-srcs-log-book.cloudfunctions.net/generateImageFromPrompt","securityLevel":"SECURE_ALWAYS"},"status":"ACTIVE","entryPoint":"generateImageFromPrompt","timeout":"540s","availableMemoryMb":1024,"serviceAccountEmail":"srcs-log-book@appspot.gserviceaccount.com","updateTime":"2025-07-26T14:10:58.021Z","versionId":"17","labels":{"deployment-tool":"cli-firebase","deployment-callable":"true","firebase-functions-hash":"86ccb023b32b1e77a111d6997ecf8c1cfb82a2d0"},"sourceUploadUrl":"https://storage.googleapis.com/uploads-491694737828.us-central1.cloudfunctions.appspot.com/382e8e53-34c2-4651-9b59-d224562a53a5.zip","environmentVariables":{"FIREBASE_CONFIG":"{\"projectId\":\"srcs-log-book\",\"storageBucket\":\"srcs-log-book.firebasestorage.app\"}","GCLOUD_PROJECT":"srcs-log-book","EVENTARC_CLOUD_EVENT_SOURCE":"projects/srcs-log-book/locations/us-central1/functions/generateImageFromPrompt"},"runtime":"nodejs20","ingressSettings":"ALLOW_ALL","buildId":"f8e65810-7a84-425d-8dfe-0cb803f7c72a","buildEnvironmentVariables":{"GOOGLE_NODE_RUN_SCRIPTS":""},"secretEnvironmentVariables":[{"key":"GEMINI_API_KEY","projectId":"1016390403599","secret":"GEMINI_API_KEY","version":"3"}],"buildName":"projects/1016390403599/locations/us-central1/builds/f8e65810-7a84-425d-8dfe-0cb803f7c72a","dockerRegistry":"ARTIFACT_REGISTRY","automaticUpdatePolicy":{},"buildServiceAccount":"projects/srcs-log-book/serviceAccounts/1016390403599-compute@developer.gserviceaccount.com","satisfiesPzi":true},{"name":"projects/srcs-log-book/locations/us-central1/functions/callGemini","httpsTrigger":{"url":"https://us-central1-srcs-log-book.cloudfunctions.net/callGemini","securityLevel":"SECURE_ALWAYS"},"status":"ACTIVE","entryPoint":"callGemini","timeout":"540s","availableMemoryMb":1024,"serviceAccountEmail":"srcs-log-book@appspot.gserviceaccount.com","updateTime":"2025-07-26T14:11:00.569Z","versionId":"17","labels":{"deployment-tool":"cli-firebase","deployment-callable":"true","firebase-functions-hash":"86ccb023b32b1e77a111d6997ecf8c1cfb82a2d0"},"sourceUploadUrl":"https://storage.googleapis.com/uploads-491694737828.us-central1.cloudfunctions.appspot.com/382e8e53-34c2-4651-9b59-d224562a53a5.zip","environmentVariables":{"FIREBASE_CONFIG":"{\"projectId\":\"srcs-log-book\",\"storageBucket\":\"srcs-log-book.firebasestorage.app\"}","GCLOUD_PROJECT":"srcs-log-book","EVENTARC_CLOUD_EVENT_SOURCE":"projects/srcs-log-book/locations/us-central1/functions/callGemini"},"runtime":"nodejs20","ingressSettings":"ALLOW_ALL","buildId":"f8e65810-7a84-425d-8dfe-0cb803f7c72a","buildEnvironmentVariables":{"GOOGLE_NODE_RUN_SCRIPTS":""},"secretEnvironmentVariables":[{"key":"GEMINI_API_KEY","projectId":"1016390403599","secret":"GEMINI_API_KEY","version":"3"}],"buildName":"projects/1016390403599/locations/us-central1/builds/f8e65810-7a84-425d-8dfe-0cb803f7c72a","dockerRegistry":"ARTIFACT_REGISTRY","automaticUpdatePolicy":{},"buildServiceAccount":"projects/srcs-log-book/serviceAccounts/1016390403599-compute@developer.gserviceaccount.com","satisfiesPzi":true},{"name":"projects/srcs-log-book/locations/us-central1/functions/onUserDeleted","eventTrigger":{"eventType":"providers/firebase.auth/eventTypes/user.delete","resource":"projects/srcs-log-book","service":"firebaseauth.googleapis.com","failurePolicy":{}},"status":"ACTIVE","entryPoint":"onUserDeleted","timeout":"60s","availableMemoryMb":256,"serviceAccountEmail":"srcs-log-book@appspot.gserviceaccount.com","updateTime":"2025-09-13T14:37:52.880Z","versionId":"2","labels":{"deployment-tool":"cli-firebase","firebase-functions-hash":"e9643e506c6e8e155eec5a01c1bcbd6ef76774ce"},"sourceUploadUrl":"https://storage.googleapis.com/uploads-491694737828.us-central1.cloudfunctions.appspot.com/41c5b390-919e-42fe-a15c-30bdf37e6b2d.zip","environmentVariables":{"FIREBASE_CONFIG":"{\"projectId\":\"srcs-log-book\",\"storageBucket\":\"srcs-log-book.firebasestorage.app\"}","GCLOUD_PROJECT":"srcs-log-book","EVENTARC_CLOUD_EVENT_SOURCE":"projects/srcs-log-book/locations/us-central1/functions/onUserDeleted"},"runtime":"nodejs20","maxInstances":3000,"ingressSettings":"ALLOW_ALL","buildId":"3eded6fc-30dc-4c5c-9be4-a34feee0b25a","buildEnvironmentVariables":{"GOOGLE_NODE_RUN_SCRIPTS":""},"buildName":"projects/1016390403599/locations/us-central1/builds/3eded6fc-30dc-4c5c-9be4-a34feee0b25a","dockerRegistry":"ARTIFACT_REGISTRY","automaticUpdatePolicy":{},"buildServiceAccount":"projects/srcs-log-book/serviceAccounts/1016390403599-compute@developer.gserviceaccount.com","satisfiesPzi":true}]}
[debug] [2025-11-05T06:14:54.149Z] Checked if tokens are valid: true, expires at: 1762326718790
[debug] [2025-11-05T06:14:54.149Z] Checked if tokens are valid: true, expires at: 1762326718790
[debug] [2025-11-05T06:14:54.149Z] >>> [apiv2][query] GET https://cloudfunctions.googleapis.com/v2/projects/srcs-log-book/locations/-/functions filter=environment%3D%22GEN_2%22
[debug] [2025-11-05T06:14:55.501Z] <<< [apiv2][status] GET https://cloudfunctions.googleapis.com/v2/projects/srcs-log-book/locations/-/functions 200
[debug] [2025-11-05T06:14:55.501Z] <<< [apiv2][body] GET https://cloudfunctions.googleapis.com/v2/projects/srcs-log-book/locations/-/functions {"functions":[{"name":"projects/srcs-log-book/locations/us-central1/functions/setUserRestrictionStatus","buildConfig":{"build":"projects/1016390403599/locations/us-central1/builds/7beac79c-251b-45e2-b74e-56645e53f9e0","runtime":"nodejs20","entryPoint":"setUserRestrictionStatus","source":{"storageSource":{"bucket":"gcf-v2-sources-1016390403599-us-central1","object":"setUserRestrictionStatus/function-source.zip","generation":"1757774257882246"}},"environmentVariables":{"GOOGLE_NODE_RUN_SCRIPTS":""},"dockerRepository":"projects/srcs-log-book/locations/us-central1/repositories/gcf-artifacts","sourceProvenance":{"resolvedStorageSource":{"bucket":"gcf-v2-sources-1016390403599-us-central1","object":"setUserRestrictionStatus/function-source.zip","generation":"1757774257882246"}},"dockerRegistry":"ARTIFACT_REGISTRY","serviceAccount":"projects/srcs-log-book/serviceAccounts/1016390403599-compute@developer.gserviceaccount.com","automaticUpdatePolicy":{}},"serviceConfig":{"service":"projects/srcs-log-book/locations/us-central1/services/setuserrestrictionstatus","timeoutSeconds":60,"environmentVariables":{"FIREBASE_CONFIG":"{\"projectId\":\"srcs-log-book\",\"storageBucket\":\"srcs-log-book.firebasestorage.app\"}","GCLOUD_PROJECT":"srcs-log-book","EVENTARC_CLOUD_EVENT_SOURCE":"projects/srcs-log-book/locations/us-central1/services/setUserRestrictionStatus","FUNCTION_TARGET":"setUserRestrictionStatus","LOG_EXECUTION_ID":"true","FUNCTION_SIGNATURE_TYPE":"http"},"maxInstanceCount":20,"ingressSettings":"ALLOW_ALL","uri":"https://setuserrestrictionstatus-csgpxyb7bq-uc.a.run.app","serviceAccountEmail":"1016390403599-compute@developer.gserviceaccount.com","availableMemory":"256Mi","allTrafficOnLatestRevision":true,"revision":"setuserrestrictionstatus-00002-lel","maxInstanceRequestConcurrency":80,"availableCpu":"1"},"state":"ACTIVE","updateTime":"2025-09-13T14:37:45.259120871Z","labels":{"firebase-functions-hash":"8e6badc1684bfcec77b91946d6c7b2f1eec8b249","deployment-tool":"cli-firebase","deployment-callable":"true"},"environment":"GEN_2","url":"https://us-central1-srcs-log-book.cloudfunctions.net/setUserRestrictionStatus","createTime":"2025-09-13T02:44:09.742743376Z","satisfiesPzi":true},{"name":"projects/srcs-log-book/locations/us-central1/functions/createMultipleUsers","buildConfig":{"build":"projects/1016390403599/locations/us-central1/builds/7beac79c-251b-45e2-b74e-56645e53f9e0","runtime":"nodejs20","entryPoint":"createMultipleUsers","source":{"storageSource":{"bucket":"gcf-v2-sources-1016390403599-us-central1","object":"createMultipleUsers/function-source.zip","generation":"1757774200234495"}},"environmentVariables":{"GOOGLE_NODE_RUN_SCRIPTS":""},"dockerRepository":"projects/srcs-log-book/locations/us-central1/repositories/gcf-artifacts","sourceProvenance":{"resolvedStorageSource":{"bucket":"gcf-v2-sources-1016390403599-us-central1","object":"createMultipleUsers/function-source.zip","generation":"1757774200234495"}},"dockerRegistry":"ARTIFACT_REGISTRY","serviceAccount":"projects/srcs-log-book/serviceAccounts/1016390403599-compute@developer.gserviceaccount.com","automaticUpdatePolicy":{}},"serviceConfig":{"service":"projects/srcs-log-book/locations/us-central1/services/createmultipleusers","timeoutSeconds":60,"environmentVariables":{"FIREBASE_CONFIG":"{\"projectId\":\"srcs-log-book\",\"storageBucket\":\"srcs-log-book.firebasestorage.app\"}","GCLOUD_PROJECT":"srcs-log-book","EVENTARC_CLOUD_EVENT_SOURCE":"projects/srcs-log-book/locations/us-central1/services/createMultipleUsers","FUNCTION_TARGET":"createMultipleUsers","LOG_EXECUTION_ID":"true"},"maxInstanceCount":20,"ingressSettings":"ALLOW_ALL","uri":"https://createmultipleusers-csgpxyb7bq-uc.a.run.app","serviceAccountEmail":"1016390403599-compute@developer.gserviceaccount.com","availableMemory":"256Mi","allTrafficOnLatestRevision":true,"revision":"createmultipleusers-00002-siw","maxInstanceRequestConcurrency":80,"availableCpu":"1"},"state":"ACTIVE","updateTime":"2025-09-13T14:37:38.531956310Z","labels":{"firebase-functions-hash":"8e6badc1684bfcec77b91946d6c7b2f1eec8b249","deployment-tool":"cli-firebase","deployment-callable":"true"},"environment":"GEN_2","url":"https://us-central1-srcs-log-book.cloudfunctions.net/createMultipleUsers","createTime":"2025-09-13T02:43:01.873337147Z","satisfiesPzi":true},{"name":"projects/srcs-log-book/locations/us-central1/functions/updateUserRole","buildConfig":{"build":"projects/1016390403599/locations/us-central1/builds/7beac79c-251b-45e2-b74e-56645e53f9e0","runtime":"nodejs20","entryPoint":"updateUserRole","source":{"storageSource":{"bucket":"gcf-v2-sources-1016390403599-us-central1","object":"updateUserRole/function-source.zip","generation":"1757774257801200"}},"environmentVariables":{"GOOGLE_NODE_RUN_SCRIPTS":""},"dockerRepository":"projects/srcs-log-book/locations/us-central1/repositories/gcf-artifacts","sourceProvenance":{"resolvedStorageSource":{"bucket":"gcf-v2-sources-1016390403599-us-central1","object":"updateUserRole/function-source.zip","generation":"1757774257801200"}},"dockerRegistry":"ARTIFACT_REGISTRY","serviceAccount":"projects/srcs-log-book/serviceAccounts/1016390403599-compute@developer.gserviceaccount.com","automaticUpdatePolicy":{}},"serviceConfig":{"service":"projects/srcs-log-book/locations/us-central1/services/updateuserrole","timeoutSeconds":60,"environmentVariables":{"FIREBASE_CONFIG":"{\"projectId\":\"srcs-log-book\",\"storageBucket\":\"srcs-log-book.firebasestorage.app\"}","GCLOUD_PROJECT":"srcs-log-book","EVENTARC_CLOUD_EVENT_SOURCE":"projects/srcs-log-book/locations/us-central1/services/updateUserRole","FUNCTION_TARGET":"updateUserRole","LOG_EXECUTION_ID":"true","FUNCTION_SIGNATURE_TYPE":"http"},"maxInstanceCount":20,"ingressSettings":"ALLOW_ALL","uri":"https://updateuserrole-csgpxyb7bq-uc.a.run.app","serviceAccountEmail":"1016390403599-compute@developer.gserviceaccount.com","availableMemory":"256Mi","allTrafficOnLatestRevision":true,"revision":"updateuserrole-00002-mis","maxInstanceRequestConcurrency":80,"availableCpu":"1"},"state":"ACTIVE","updateTime":"2025-09-13T14:37:45.224244934Z","labels":{"firebase-functions-hash":"8e6badc1684bfcec77b91946d6c7b2f1eec8b249","deployment-tool":"cli-firebase","deployment-callable":"true"},"environment":"GEN_2","url":"https://us-central1-srcs-log-book.cloudfunctions.net/updateUserRole","createTime":"2025-09-13T02:44:09.638419110Z","satisfiesPzi":true}]}
[info] i  functions: ensuring required API run.googleapis.com is enabled... 
[info] i  functions: ensuring required API eventarc.googleapis.com is enabled... 
[info] i  functions: ensuring required API pubsub.googleapis.com is enabled... 
[info] i  functions: ensuring required API storage.googleapis.com is enabled... 
[info] i  functions: generating the service identity for pubsub.googleapis.com... 
[debug] [2025-11-05T06:14:55.510Z] Checked if tokens are valid: true, expires at: 1762326718790
[debug] [2025-11-05T06:14:55.510Z] Checked if tokens are valid: true, expires at: 1762326718790
[info] i  functions: generating the service identity for eventarc.googleapis.com... 
[debug] [2025-11-05T06:14:55.510Z] Checked if tokens are valid: true, expires at: 1762326718790
[debug] [2025-11-05T06:14:55.510Z] Checked if tokens are valid: true, expires at: 1762326718790
[debug] [2025-11-05T06:14:55.511Z] >>> [apiv2][query] POST https://serviceusage.googleapis.com/v1beta1/projects/1016390403599/services/pubsub.googleapis.com:generateServiceIdentity [none]
[debug] [2025-11-05T06:14:55.511Z] >>> [apiv2][(partial)header] POST https://serviceusage.googleapis.com/v1beta1/projects/1016390403599/services/pubsub.googleapis.com:generateServiceIdentity x-goog-quota-user=projects/1016390403599
[debug] [2025-11-05T06:14:55.511Z] >>> [apiv2][body] POST https://serviceusage.googleapis.com/v1beta1/projects/1016390403599/services/pubsub.googleapis.com:generateServiceIdentity {}
[debug] [2025-11-05T06:14:55.512Z] >>> [apiv2][query] POST https://serviceusage.googleapis.com/v1beta1/projects/1016390403599/services/eventarc.googleapis.com:generateServiceIdentity [none]
[debug] [2025-11-05T06:14:55.512Z] >>> [apiv2][(partial)header] POST https://serviceusage.googleapis.com/v1beta1/projects/1016390403599/services/eventarc.googleapis.com:generateServiceIdentity x-goog-quota-user=projects/1016390403599
[debug] [2025-11-05T06:14:55.512Z] >>> [apiv2][body] POST https://serviceusage.googleapis.com/v1beta1/projects/1016390403599/services/eventarc.googleapis.com:generateServiceIdentity {}
[debug] [2025-11-05T06:14:57.612Z] <<< [apiv2][status] POST https://serviceusage.googleapis.com/v1beta1/projects/1016390403599/services/eventarc.googleapis.com:generateServiceIdentity 200
[debug] [2025-11-05T06:14:57.612Z] <<< [apiv2][body] POST https://serviceusage.googleapis.com/v1beta1/projects/1016390403599/services/eventarc.googleapis.com:generateServiceIdentity {"name":"operations/finished.DONE_OPERATION","done":true,"response":{"@type":"type.googleapis.com/google.api.serviceusage.v1beta1.ServiceIdentity","email":"service-1016390403599@gcp-sa-eventarc.iam.gserviceaccount.com","uniqueId":"102048291130725056269"}}
[debug] [2025-11-05T06:14:57.615Z] <<< [apiv2][status] POST https://serviceusage.googleapis.com/v1beta1/projects/1016390403599/services/pubsub.googleapis.com:generateServiceIdentity 200
[debug] [2025-11-05T06:14:57.615Z] <<< [apiv2][body] POST https://serviceusage.googleapis.com/v1beta1/projects/1016390403599/services/pubsub.googleapis.com:generateServiceIdentity {"name":"operations/finished.DONE_OPERATION","done":true,"response":{"@type":"type.googleapis.com/google.api.serviceusage.v1beta1.ServiceIdentity","email":"service-1016390403599@gcp-sa-pubsub.iam.gserviceaccount.com","uniqueId":"105187800358415862734"}}
[debug] [2025-11-05T06:14:57.619Z] Checked if tokens are valid: true, expires at: 1762326718790
[debug] [2025-11-05T06:14:57.619Z] Checked if tokens are valid: true, expires at: 1762326718790
[debug] [2025-11-05T06:14:57.620Z] >>> [apiv2][query] GET https://cloudresourcemanager.googleapis.com/v1/projects/srcs-log-book [none]
[debug] [2025-11-05T06:14:58.884Z] <<< [apiv2][status] GET https://cloudresourcemanager.googleapis.com/v1/projects/srcs-log-book 200
[debug] [2025-11-05T06:14:58.884Z] <<< [apiv2][body] GET https://cloudresourcemanager.googleapis.com/v1/projects/srcs-log-book {"projectNumber":"1016390403599","projectId":"srcs-log-book","lifecycleState":"ACTIVE","name":"SRCS Log Book","labels":{"firebase":"enabled","firebase-core":"disabled"},"createTime":"2025-06-26T00:01:17.177870Z"}
[debug] [2025-11-05T06:14:58.885Z] Checked if tokens are valid: true, expires at: 1762326718790
[debug] [2025-11-05T06:14:58.885Z] Checked if tokens are valid: true, expires at: 1762326718790
[debug] [2025-11-05T06:14:58.885Z] >>> [apiv2][query] GET https://compute.googleapis.com/compute/v1/projects/1016390403599 [none]
[debug] [2025-11-05T06:14:59.677Z] <<< [apiv2][status] GET https://compute.googleapis.com/compute/v1/projects/1016390403599 403
[debug] [2025-11-05T06:14:59.677Z] <<< [apiv2][body] GET https://compute.googleapis.com/compute/v1/projects/1016390403599 {"error":{"code":403,"message":"Compute Engine API has not been used in project 1016390403599 before or it is disabled. Enable it by visiting https://console.developers.google.com/apis/api/compute.googleapis.com/overview?project=1016390403599 then retry. If you enabled this API recently, wait a few minutes for the action to propagate to our systems and retry.","errors":[{"message":"Compute Engine API has not been used in project 1016390403599 before or it is disabled. Enable it by visiting https://console.developers.google.com/apis/api/compute.googleapis.com/overview?project=1016390403599 then retry. If you enabled this API recently, wait a few minutes for the action to propagate to our systems and retry.","domain":"usageLimits","reason":"accessNotConfigured","extendedHelp":"https://console.developers.google.com"}],"status":"PERMISSION_DENIED","details":[{"@type":"type.googleapis.com/google.rpc.ErrorInfo","reason":"SERVICE_DISABLED","domain":"googleapis.com","metadata":{"containerInfo":"1016390403599","consumer":"projects/1016390403599","activationUrl":"https://console.developers.google.com/apis/api/compute.googleapis.com/overview?project=1016390403599","serviceTitle":"Compute Engine API","service":"compute.googleapis.com"}},{"@type":"type.googleapis.com/google.rpc.LocalizedMessage","locale":"en-US","message":"Compute Engine API has not been used in project 1016390403599 before or it is disabled. Enable it by visiting https://console.developers.google.com/apis/api/compute.googleapis.com/overview?project=1016390403599 then retry. If you enabled this API recently, wait a few minutes for the action to propagate to our systems and retry."},{"@type":"type.googleapis.com/google.rpc.Help","links":[{"description":"Google developers console API activation","url":"https://console.developers.google.com/apis/api/compute.googleapis.com/overview?project=1016390403599"}]}]}}
[debug] [2025-11-05T06:14:59.678Z] unable to look up default compute service account. Falling back to 1016390403599-compute@developer.gserviceaccount.com. Error: {"name":"FirebaseError","children":[],"context":{"body":{"error":{"code":403,"message":"Compute Engine API has not been used in project 1016390403599 before or it is disabled. Enable it by visiting https://console.developers.google.com/apis/api/compute.googleapis.com/overview?project=1016390403599 then retry. If you enabled this API recently, wait a few minutes for the action to propagate to our systems and retry.","errors":[{"message":"Compute Engine API has not been used in project 1016390403599 before or it is disabled. Enable it by visiting https://console.developers.google.com/apis/api/compute.googleapis.com/overview?project=1016390403599 then retry. If you enabled this API recently, wait a few minutes for the action to propagate to our systems and retry.","domain":"usageLimits","reason":"accessNotConfigured","extendedHelp":"https://console.developers.google.com"}],"status":"PERMISSION_DENIED","details":[{"@type":"type.googleapis.com/google.rpc.ErrorInfo","reason":"SERVICE_DISABLED","domain":"googleapis.com","metadata":{"containerInfo":"1016390403599","consumer":"projects/1016390403599","activationUrl":"https://console.developers.google.com/apis/api/compute.googleapis.com/overview?project=1016390403599","serviceTitle":"Compute Engine API","service":"compute.googleapis.com"}},{"@type":"type.googleapis.com/google.rpc.LocalizedMessage","locale":"en-US","message":"Compute Engine API has not been used in project 1016390403599 before or it is disabled. Enable it by visiting https://console.developers.google.com/apis/api/compute.googleapis.com/overview?project=1016390403599 then retry. If you enabled this API recently, wait a few minutes for the action to propagate to our systems and retry."},{"@type":"type.googleapis.com/google.rpc.Help","links":[{"description":"Google developers console API activation","url":"https://console.developers.google.com/apis/api/compute.googleapis.com/overview?project=1016390403599"}]}]}},"response":{"statusCode":403}},"exit":1,"message":"Request to https://compute.googleapis.com/compute/v1/projects/1016390403599 had HTTP Error: 403, Compute Engine API has not been used in project 1016390403599 before or it is disabled. Enable it by visiting https://console.developers.google.com/apis/api/compute.googleapis.com/overview?project=1016390403599 then retry. If you enabled this API recently, wait a few minutes for the action to propagate to our systems and retry.","status":403}
[debug] [2025-11-05T06:14:59.679Z] Checked if tokens are valid: true, expires at: 1762326718790
[debug] [2025-11-05T06:14:59.679Z] Checked if tokens are valid: true, expires at: 1762326718790
[debug] [2025-11-05T06:14:59.680Z] >>> [apiv2][query] GET https://cloudbilling.googleapis.com/v1/projects/srcs-log-book/billingInfo [none]
[debug] [2025-11-05T06:15:01.081Z] <<< [apiv2][status] GET https://cloudbilling.googleapis.com/v1/projects/srcs-log-book/billingInfo 200
[debug] [2025-11-05T06:15:01.081Z] <<< [apiv2][body] GET https://cloudbilling.googleapis.com/v1/projects/srcs-log-book/billingInfo {"name":"projects/srcs-log-book/billingInfo","projectId":"srcs-log-book","billingAccountName":"billingAccounts/018BE7-6647D6-F4AA12","billingEnabled":true}
[debug] [2025-11-05T06:15:01.083Z] Checked if tokens are valid: true, expires at: 1762326718790
[debug] [2025-11-05T06:15:01.083Z] Checked if tokens are valid: true, expires at: 1762326718790
[debug] [2025-11-05T06:15:01.084Z] Checked if tokens are valid: true, expires at: 1762326718790
[debug] [2025-11-05T06:15:01.084Z] Checked if tokens are valid: true, expires at: 1762326718790
[debug] [2025-11-05T06:15:01.084Z] >>> [apiv2][query] POST https://cloudfunctions.googleapis.com/v1/projects/srcs-log-book/locations/us-central1/functions:generateUploadUrl [none]
[debug] [2025-11-05T06:15:01.084Z] >>> [apiv2][body] POST https://cloudfunctions.googleapis.com/v1/projects/srcs-log-book/locations/us-central1/functions:generateUploadUrl {}
[debug] [2025-11-05T06:15:01.086Z] >>> [apiv2][query] POST https://cloudfunctions.googleapis.com/v2/projects/srcs-log-book/locations/us-central1/functions:generateUploadUrl [none]
[debug] [2025-11-05T06:15:01.976Z] <<< [apiv2][status] POST https://cloudfunctions.googleapis.com/v1/projects/srcs-log-book/locations/us-central1/functions:generateUploadUrl 200
[debug] [2025-11-05T06:15:01.976Z] <<< [apiv2][body] POST https://cloudfunctions.googleapis.com/v1/projects/srcs-log-book/locations/us-central1/functions:generateUploadUrl {"uploadUrl":"https://storage.googleapis.com/uploads-491694737828.us-central1.cloudfunctions.appspot.com/4c8119f6-c299-4b6d-9fb5-dc756bac9088.zip?GoogleAccessId=service-1016390403599@gcf-admin-robot.iam.gserviceaccount.com&Expires=1762325102&Signature=lOArNW0ago%2B6vcolGdh32F3FH%2FCyOXTv7QEpycguzkDFJMIDOU29gwnLG%2Bu2wIQ9KhP%2FMfk2N83dNsYF2XW1maSuUR%2FGCepZ7rMeBealUB7I0kCKYh0lNiy2vfp7%2FwLkTwA1OvZ3%2F660YijvEA2KtkO5%2FfET1gColRCay9VSMGJECPEv1HbVbaew9Xvy1IlqMt3IVlsTfxftmsQgIzJ%2FrW5yKdaADI6%2BMJTa9WsVA7kzoLE1g4cF2C2fNB1xMkwhq3wb1nQdPPpoB517GpoI%2FWEeCgusyE2LTP2rcSZ%2BCihzzJ3xmeqtedKMBDbnivMMfkrOOAyn%2F%2BTvaOAfBfNIDA%3D%3D"}
[debug] [2025-11-05T06:15:01.976Z] >>> [apiv2][query] PUT https://storage.googleapis.com/uploads-491694737828.us-central1.cloudfunctions.appspot.com/4c8119f6-c299-4b6d-9fb5-dc756bac9088.zip GoogleAccessId=service-1016390403599%40gcf-admin-robot.iam.gserviceaccount.com&Expires=1762325102&Signature=lOArNW0ago%2B6vcolGdh32F3FH%2FCyOXTv7QEpycguzkDFJMIDOU29gwnLG%2Bu2wIQ9KhP%2FMfk2N83dNsYF2XW1maSuUR%2FGCepZ7rMeBealUB7I0kCKYh0lNiy2vfp7%2FwLkTwA1OvZ3%2F660YijvEA2KtkO5%2FfET1gColRCay9VSMGJECPEv1HbVbaew9Xvy1IlqMt3IVlsTfxftmsQgIzJ%2FrW5yKdaADI6%2BMJTa9WsVA7kzoLE1g4cF2C2fNB1xMkwhq3wb1nQdPPpoB517GpoI%2FWEeCgusyE2LTP2rcSZ%2BCihzzJ3xmeqtedKMBDbnivMMfkrOOAyn%2F%2BTvaOAfBfNIDA%3D%3D
[debug] [2025-11-05T06:15:01.977Z] >>> [apiv2][body] PUT https://storage.googleapis.com/uploads-491694737828.us-central1.cloudfunctions.appspot.com/4c8119f6-c299-4b6d-9fb5-dc756bac9088.zip [stream]
[debug] [2025-11-05T06:15:02.436Z] <<< [apiv2][status] POST https://cloudfunctions.googleapis.com/v2/projects/srcs-log-book/locations/us-central1/functions:generateUploadUrl 200
[debug] [2025-11-05T06:15:02.436Z] <<< [apiv2][body] POST https://cloudfunctions.googleapis.com/v2/projects/srcs-log-book/locations/us-central1/functions:generateUploadUrl {"uploadUrl":"https://storage.googleapis.com/gcf-v2-uploads-1016390403599.us-central1.cloudfunctions.appspot.com/008bf8ee-6fb9-44b5-a717-0896ea2b53ac.zip?GoogleAccessId=service-1016390403599@gcf-admin-robot.iam.gserviceaccount.com&Expires=1762325102&Signature=OrL8WSkiWUFtG2Vp9MGRTCYcj7P%2FZSj4QZJ%2BhOqZDwHnVBc3FKBWCHU%2FuucRerDGZUbtCfvxrS1j46iiT%2BBoIhw8ZidRO%2FUo9Y4bm4p6i49y6mb9TuO1qwx6H2IOhXe1tl%2FDMQLrvRbN04Us3ErVRfoBsYfcmtw4jZ5pCNhtwzdCytbPXOl9DnNIgema6JB4YrVrz6cTOLAzVDeLoFvVY9WmDVFmdOUEFO6i4qisekifjYnh%2BgbmH7XprTKA%2B2rIhv%2F5bEc1Y3yAiinN%2FFlhQGjrswR6yx5ZRUqSnrTo5NGhgzU94hf9NqgNNWJxf9Yr5WASMRaIeHyjNZ16jMZ%2Brw%3D%3D","storageSource":{"bucket":"gcf-v2-uploads-1016390403599.us-central1.cloudfunctions.appspot.com","object":"008bf8ee-6fb9-44b5-a717-0896ea2b53ac.zip"}}
[debug] [2025-11-05T06:15:02.436Z] >>> [apiv2][query] PUT https://storage.googleapis.com/gcf-v2-uploads-1016390403599.us-central1.cloudfunctions.appspot.com/008bf8ee-6fb9-44b5-a717-0896ea2b53ac.zip GoogleAccessId=service-1016390403599%40gcf-admin-robot.iam.gserviceaccount.com&Expires=1762325102&Signature=OrL8WSkiWUFtG2Vp9MGRTCYcj7P%2FZSj4QZJ%2BhOqZDwHnVBc3FKBWCHU%2FuucRerDGZUbtCfvxrS1j46iiT%2BBoIhw8ZidRO%2FUo9Y4bm4p6i49y6mb9TuO1qwx6H2IOhXe1tl%2FDMQLrvRbN04Us3ErVRfoBsYfcmtw4jZ5pCNhtwzdCytbPXOl9DnNIgema6JB4YrVrz6cTOLAzVDeLoFvVY9WmDVFmdOUEFO6i4qisekifjYnh%2BgbmH7XprTKA%2B2rIhv%2F5bEc1Y3yAiinN%2FFlhQGjrswR6yx5ZRUqSnrTo5NGhgzU94hf9NqgNNWJxf9Yr5WASMRaIeHyjNZ16jMZ%2Brw%3D%3D
[debug] [2025-11-05T06:15:02.436Z] >>> [apiv2][body] PUT https://storage.googleapis.com/gcf-v2-uploads-1016390403599.us-central1.cloudfunctions.appspot.com/008bf8ee-6fb9-44b5-a717-0896ea2b53ac.zip [stream]
[debug] [2025-11-05T06:15:03.920Z] <<< [apiv2][status] PUT https://storage.googleapis.com/uploads-491694737828.us-central1.cloudfunctions.appspot.com/4c8119f6-c299-4b6d-9fb5-dc756bac9088.zip 200
[debug] [2025-11-05T06:15:03.920Z] <<< [apiv2][body] PUT https://storage.googleapis.com/uploads-491694737828.us-central1.cloudfunctions.appspot.com/4c8119f6-c299-4b6d-9fb5-dc756bac9088.zip [omitted]
[debug] [2025-11-05T06:15:04.759Z] <<< [apiv2][status] PUT https://storage.googleapis.com/gcf-v2-uploads-1016390403599.us-central1.cloudfunctions.appspot.com/008bf8ee-6fb9-44b5-a717-0896ea2b53ac.zip 200
[debug] [2025-11-05T06:15:04.759Z] <<< [apiv2][body] PUT https://storage.googleapis.com/gcf-v2-uploads-1016390403599.us-central1.cloudfunctions.appspot.com/008bf8ee-6fb9-44b5-a717-0896ea2b53ac.zip [omitted]
[info] ✔  functions: functions source uploaded successfully 
[info] i  functions: creating Node.js 20 (2nd Gen) function createClassMeetLink(us-central1)... 
[debug] [2025-11-05T06:15:04.768Z] Checked if tokens are valid: true, expires at: 1762326718790
[debug] [2025-11-05T06:15:04.768Z] Checked if tokens are valid: true, expires at: 1762326718790
[debug] [2025-11-05T06:15:04.768Z] >>> [apiv2][query] POST https://cloudfunctions.googleapis.com/v2/projects/srcs-log-book/locations/us-central1/functions functionId=createClassMeetLink
[debug] [2025-11-05T06:15:04.768Z] >>> [apiv2][body] POST https://cloudfunctions.googleapis.com/v2/projects/srcs-log-book/locations/us-central1/functions {"name":"projects/srcs-log-book/locations/us-central1/functions/createClassMeetLink","buildConfig":{"runtime":"nodejs20","entryPoint":"createClassMeetLink","source":{"storageSource":{"bucket":"gcf-v2-uploads-1016390403599.us-central1.cloudfunctions.appspot.com","object":"008bf8ee-6fb9-44b5-a717-0896ea2b53ac.zip"}},"environmentVariables":{"GOOGLE_NODE_RUN_SCRIPTS":""}},"serviceConfig":{"environmentVariables":{"FIREBASE_CONFIG":"{\"projectId\":\"srcs-log-book\",\"storageBucket\":\"srcs-log-book.firebasestorage.app\"}","GCLOUD_PROJECT":"srcs-log-book","EVENTARC_CLOUD_EVENT_SOURCE":"projects/srcs-log-book/locations/us-central1/services/createClassMeetLink","FUNCTION_TARGET":"createClassMeetLink","LOG_EXECUTION_ID":"true"},"ingressSettings":null,"timeoutSeconds":null,"serviceAccountEmail":null,"availableMemory":"256Mi","minInstanceCount":null,"maxInstanceCount":null,"maxInstanceRequestConcurrency":80,"availableCpu":"1","vpcConnector":null,"vpcConnectorEgressSettings":null},"labels":{"deployment-tool":"cli-firebase","deployment-callable":"true","firebase-functions-hash":"ab0cc8eedf8000fdaeaacd1b31a2be9380ac3ef3"}}
[debug] [2025-11-05T06:15:06.956Z] <<< [apiv2][status] POST https://cloudfunctions.googleapis.com/v2/projects/srcs-log-book/locations/us-central1/functions 200
[debug] [2025-11-05T06:15:06.957Z] <<< [apiv2][body] POST https://cloudfunctions.googleapis.com/v2/projects/srcs-log-book/locations/us-central1/functions {"name":"projects/srcs-log-book/locations/us-central1/operations/operation-1762323305951-642d2dea16f87-c5ae65b3-61f1b181","metadata":{"@type":"type.googleapis.com/google.cloud.functions.v2.OperationMetadata","createTime":"2025-11-05T06:15:07.068730283Z","target":"projects/srcs-log-book/locations/us-central1/functions/createClassMeetLink","verb":"create","cancelRequested":false,"apiVersion":"v2"},"done":false}
[debug] [2025-11-05T06:15:06.957Z] Checked if tokens are valid: true, expires at: 1762326718790
[debug] [2025-11-05T06:15:06.958Z] Checked if tokens are valid: true, expires at: 1762326718790
[debug] [2025-11-05T06:15:06.958Z] >>> [apiv2][query] GET https://cloudfunctions.googleapis.com/v2/projects/srcs-log-book/locations/us-central1/operations/operation-1762323305951-642d2dea16f87-c5ae65b3-61f1b181 [none]
[debug] [2025-11-05T06:15:08.015Z] <<< [apiv2][status] GET https://cloudfunctions.googleapis.com/v2/projects/srcs-log-book/locations/us-central1/operations/operation-1762323305951-642d2dea16f87-c5ae65b3-61f1b181 200
[debug] [2025-11-05T06:15:08.015Z] <<< [apiv2][body] GET https://cloudfunctions.googleapis.com/v2/projects/srcs-log-book/locations/us-central1/operations/operation-1762323305951-642d2dea16f87-c5ae65b3-61f1b181 {"name":"projects/srcs-log-book/locations/us-central1/operations/operation-1762323305951-642d2dea16f87-c5ae65b3-61f1b181","metadata":{"@type":"type.googleapis.com/google.cloud.functions.v2.OperationMetadata","createTime":"2025-11-05T06:15:07.068730283Z","target":"projects/srcs-log-book/locations/us-central1/functions/createClassMeetLink","verb":"create","cancelRequested":false,"apiVersion":"v2","requestResource":{"@type":"type.googleapis.com/google.cloud.functions.v2.Function","name":"projects/srcs-log-book/locations/us-central1/functions/createClassMeetLink","buildConfig":{"runtime":"nodejs20","entryPoint":"createClassMeetLink","source":{"storageSource":{"bucket":"gcf-v2-sources-1016390403599-us-central1","object":"createClassMeetLink/function-source.zip","generation":"1762323306202940"}},"environmentVariables":{"GOOGLE_NODE_RUN_SCRIPTS":""},"serviceAccount":"projects/srcs-log-book/serviceAccounts/1016390403599-compute@developer.gserviceaccount.com","automaticUpdatePolicy":{}},"serviceConfig":{"service":"projects/srcs-log-book/locations/us-central1/services/createclassmeetlink","timeoutSeconds":60,"environmentVariables":{"FIREBASE_CONFIG":"{\"projectId\":\"srcs-log-book\",\"storageBucket\":\"srcs-log-book.firebasestorage.app\"}","GCLOUD_PROJECT":"srcs-log-book","EVENTARC_CLOUD_EVENT_SOURCE":"projects/srcs-log-book/locations/us-central1/services/createClassMeetLink","FUNCTION_TARGET":"createClassMeetLink","LOG_EXECUTION_ID":"true"},"ingressSettings":"ALLOW_ALL","serviceAccountEmail":"1016390403599-compute@developer.gserviceaccount.com","availableMemory":"256Mi","maxInstanceRequestConcurrency":80,"availableCpu":"1"},"labels":{"deployment-tool":"cli-firebase","deployment-callable":"true","firebase-functions-hash":"ab0cc8eedf8000fdaeaacd1b31a2be9380ac3ef3"},"environment":"GEN_2"},"stages":[{"name":"BUILD","message":"Build in progress","state":"IN_PROGRESS","resource":"projects/1016390403599/locations/us-central1/builds/fbc3afd9-cece-4186-a270-085434bc83b0","resourceUri":"https://console.cloud.google.com/cloud-build/builds;region=us-central1/fbc3afd9-cece-4186-a270-085434bc83b0?project=1016390403599"},{"name":"SERVICE","state":"NOT_STARTED"}],"operationType":"CREATE_FUNCTION","buildName":"projects/1016390403599/locations/us-central1/builds/fbc3afd9-cece-4186-a270-085434bc83b0"},"done":false}
[debug] [2025-11-05T06:15:08.517Z] [create-default-us-central1-createClassMeetLink] Retrying task index 0
[debug] [2025-11-05T06:15:08.517Z] Checked if tokens are valid: true, expires at: 1762326718790
[debug] [2025-11-05T06:15:08.517Z] Checked if tokens are valid: true, expires at: 1762326718790
[debug] [2025-11-05T06:15:08.517Z] >>> [apiv2][query] GET https://cloudfunctions.googleapis.com/v2/projects/srcs-log-book/locations/us-central1/operations/operation-1762323305951-642d2dea16f87-c5ae65b3-61f1b181 [none]
[debug] [2025-11-05T06:15:09.638Z] <<< [apiv2][status] GET https://cloudfunctions.googleapis.com/v2/projects/srcs-log-book/locations/us-central1/operations/operation-1762323305951-642d2dea16f87-c5ae65b3-61f1b181 200
[debug] [2025-11-05T06:15:09.638Z] <<< [apiv2][body] GET https://cloudfunctions.googleapis.com/v2/projects/srcs-log-book/locations/us-central1/operations/operation-1762323305951-642d2dea16f87-c5ae65b3-61f1b181 {"name":"projects/srcs-log-book/locations/us-central1/operations/operation-1762323305951-642d2dea16f87-c5ae65b3-61f1b181","metadata":{"@type":"type.googleapis.com/google.cloud.functions.v2.OperationMetadata","createTime":"2025-11-05T06:15:07.068730283Z","target":"projects/srcs-log-book/locations/us-central1/functions/createClassMeetLink","verb":"create","cancelRequested":false,"apiVersion":"v2","requestResource":{"@type":"type.googleapis.com/google.cloud.functions.v2.Function","name":"projects/srcs-log-book/locations/us-central1/functions/createClassMeetLink","buildConfig":{"runtime":"nodejs20","entryPoint":"createClassMeetLink","source":{"storageSource":{"bucket":"gcf-v2-sources-1016390403599-us-central1","object":"createClassMeetLink/function-source.zip","generation":"1762323306202940"}},"environmentVariables":{"GOOGLE_NODE_RUN_SCRIPTS":""},"serviceAccount":"projects/srcs-log-book/serviceAccounts/1016390403599-compute@developer.gserviceaccount.com","automaticUpdatePolicy":{}},"serviceConfig":{"service":"projects/srcs-log-book/locations/us-central1/services/createclassmeetlink","timeoutSeconds":60,"environmentVariables":{"FIREBASE_CONFIG":"{\"projectId\":\"srcs-log-book\",\"storageBucket\":\"srcs-log-book.firebasestorage.app\"}","GCLOUD_PROJECT":"srcs-log-book","EVENTARC_CLOUD_EVENT_SOURCE":"projects/srcs-log-book/locations/us-central1/services/createClassMeetLink","FUNCTION_TARGET":"createClassMeetLink","LOG_EXECUTION_ID":"true"},"ingressSettings":"ALLOW_ALL","serviceAccountEmail":"1016390403599-compute@developer.gserviceaccount.com","availableMemory":"256Mi","maxInstanceRequestConcurrency":80,"availableCpu":"1"},"labels":{"deployment-tool":"cli-firebase","deployment-callable":"true","firebase-functions-hash":"ab0cc8eedf8000fdaeaacd1b31a2be9380ac3ef3"},"environment":"GEN_2"},"stages":[{"name":"BUILD","message":"Build in progress","state":"IN_PROGRESS","resource":"projects/1016390403599/locations/us-central1/builds/fbc3afd9-cece-4186-a270-085434bc83b0","resourceUri":"https://console.cloud.google.com/cloud-build/builds;region=us-central1/fbc3afd9-cece-4186-a270-085434bc83b0?project=1016390403599"},{"name":"SERVICE","state":"NOT_STARTED"}],"operationType":"CREATE_FUNCTION","buildName":"projects/1016390403599/locations/us-central1/builds/fbc3afd9-cece-4186-a270-085434bc83b0"},"done":false}
[debug] [2025-11-05T06:15:10.640Z] [create-default-us-central1-createClassMeetLink] Retrying task index 0
[debug] [2025-11-05T06:15:10.640Z] Checked if tokens are valid: true, expires at: 1762326718790
[debug] [2025-11-05T06:15:10.640Z] Checked if tokens are valid: true, expires at: 1762326718790
[debug] [2025-11-05T06:15:10.640Z] >>> [apiv2][query] GET https://cloudfunctions.googleapis.com/v2/projects/srcs-log-book/locations/us-central1/operations/operation-1762323305951-642d2dea16f87-c5ae65b3-61f1b181 [none]
[debug] [2025-11-05T06:15:11.759Z] <<< [apiv2][status] GET https://cloudfunctions.googleapis.com/v2/projects/srcs-log-book/locations/us-central1/operations/operation-1762323305951-642d2dea16f87-c5ae65b3-61f1b181 200
[debug] [2025-11-05T06:15:11.760Z] <<< [apiv2][body] GET https://cloudfunctions.googleapis.com/v2/projects/srcs-log-book/locations/us-central1/operations/operation-1762323305951-642d2dea16f87-c5ae65b3-61f1b181 {"name":"projects/srcs-log-book/locations/us-central1/operations/operation-1762323305951-642d2dea16f87-c5ae65b3-61f1b181","metadata":{"@type":"type.googleapis.com/google.cloud.functions.v2.OperationMetadata","createTime":"2025-11-05T06:15:07.068730283Z","target":"projects/srcs-log-book/locations/us-central1/functions/createClassMeetLink","verb":"create","cancelRequested":false,"apiVersion":"v2","requestResource":{"@type":"type.googleapis.com/google.cloud.functions.v2.Function","name":"projects/srcs-log-book/locations/us-central1/functions/createClassMeetLink","buildConfig":{"runtime":"nodejs20","entryPoint":"createClassMeetLink","source":{"storageSource":{"bucket":"gcf-v2-sources-1016390403599-us-central1","object":"createClassMeetLink/function-source.zip","generation":"1762323306202940"}},"environmentVariables":{"GOOGLE_NODE_RUN_SCRIPTS":""},"serviceAccount":"projects/srcs-log-book/serviceAccounts/1016390403599-compute@developer.gserviceaccount.com","automaticUpdatePolicy":{}},"serviceConfig":{"service":"projects/srcs-log-book/locations/us-central1/services/createclassmeetlink","timeoutSeconds":60,"environmentVariables":{"FIREBASE_CONFIG":"{\"projectId\":\"srcs-log-book\",\"storageBucket\":\"srcs-log-book.firebasestorage.app\"}","GCLOUD_PROJECT":"srcs-log-book","EVENTARC_CLOUD_EVENT_SOURCE":"projects/srcs-log-book/locations/us-central1/services/createClassMeetLink","FUNCTION_TARGET":"createClassMeetLink","LOG_EXECUTION_ID":"true"},"ingressSettings":"ALLOW_ALL","serviceAccountEmail":"1016390403599-compute@developer.gserviceaccount.com","availableMemory":"256Mi","maxInstanceRequestConcurrency":80,"availableCpu":"1"},"labels":{"deployment-tool":"cli-firebase","deployment-callable":"true","firebase-functions-hash":"ab0cc8eedf8000fdaeaacd1b31a2be9380ac3ef3"},"environment":"GEN_2"},"stages":[{"name":"BUILD","message":"Build in progress","state":"IN_PROGRESS","resource":"projects/1016390403599/locations/us-central1/builds/fbc3afd9-cece-4186-a270-085434bc83b0","resourceUri":"https://console.cloud.google.com/cloud-build/builds;region=us-central1/fbc3afd9-cece-4186-a270-085434bc83b0?project=1016390403599"},{"name":"SERVICE","state":"NOT_STARTED"}],"operationType":"CREATE_FUNCTION","buildName":"projects/1016390403599/locations/us-central1/builds/fbc3afd9-cece-4186-a270-085434bc83b0"},"done":false}
[debug] [2025-11-05T06:15:13.760Z] [create-default-us-central1-createClassMeetLink] Retrying task index 0
[debug] [2025-11-05T06:15:13.760Z] Checked if tokens are valid: true, expires at: 1762326718790
[debug] [2025-11-05T06:15:13.760Z] Checked if tokens are valid: true, expires at: 1762326718790
[debug] [2025-11-05T06:15:13.760Z] >>> [apiv2][query] GET https://cloudfunctions.googleapis.com/v2/projects/srcs-log-book/locations/us-central1/operations/operation-1762323305951-642d2dea16f87-c5ae65b3-61f1b181 [none]
[debug] [2025-11-05T06:15:14.876Z] <<< [apiv2][status] GET https://cloudfunctions.googleapis.com/v2/projects/srcs-log-book/locations/us-central1/operations/operation-1762323305951-642d2dea16f87-c5ae65b3-61f1b181 200
[debug] [2025-11-05T06:15:14.876Z] <<< [apiv2][body] GET https://cloudfunctions.googleapis.com/v2/projects/srcs-log-book/locations/us-central1/operations/operation-1762323305951-642d2dea16f87-c5ae65b3-61f1b181 {"name":"projects/srcs-log-book/locations/us-central1/operations/operation-1762323305951-642d2dea16f87-c5ae65b3-61f1b181","metadata":{"@type":"type.googleapis.com/google.cloud.functions.v2.OperationMetadata","createTime":"2025-11-05T06:15:07.068730283Z","target":"projects/srcs-log-book/locations/us-central1/functions/createClassMeetLink","verb":"create","cancelRequested":false,"apiVersion":"v2","requestResource":{"@type":"type.googleapis.com/google.cloud.functions.v2.Function","name":"projects/srcs-log-book/locations/us-central1/functions/createClassMeetLink","buildConfig":{"runtime":"nodejs20","entryPoint":"createClassMeetLink","source":{"storageSource":{"bucket":"gcf-v2-sources-1016390403599-us-central1","object":"createClassMeetLink/function-source.zip","generation":"1762323306202940"}},"environmentVariables":{"GOOGLE_NODE_RUN_SCRIPTS":""},"serviceAccount":"projects/srcs-log-book/serviceAccounts/1016390403599-compute@developer.gserviceaccount.com","automaticUpdatePolicy":{}},"serviceConfig":{"service":"projects/srcs-log-book/locations/us-central1/services/createclassmeetlink","timeoutSeconds":60,"environmentVariables":{"FIREBASE_CONFIG":"{\"projectId\":\"srcs-log-book\",\"storageBucket\":\"srcs-log-book.firebasestorage.app\"}","GCLOUD_PROJECT":"srcs-log-book","EVENTARC_CLOUD_EVENT_SOURCE":"projects/srcs-log-book/locations/us-central1/services/createClassMeetLink","FUNCTION_TARGET":"createClassMeetLink","LOG_EXECUTION_ID":"true"},"ingressSettings":"ALLOW_ALL","serviceAccountEmail":"1016390403599-compute@developer.gserviceaccount.com","availableMemory":"256Mi","maxInstanceRequestConcurrency":80,"availableCpu":"1"},"labels":{"deployment-tool":"cli-firebase","deployment-callable":"true","firebase-functions-hash":"ab0cc8eedf8000fdaeaacd1b31a2be9380ac3ef3"},"environment":"GEN_2"},"stages":[{"name":"BUILD","message":"Build in progress","state":"IN_PROGRESS","resource":"projects/1016390403599/locations/us-central1/builds/fbc3afd9-cece-4186-a270-085434bc83b0","resourceUri":"https://console.cloud.google.com/cloud-build/builds;region=us-central1/fbc3afd9-cece-4186-a270-085434bc83b0?project=1016390403599"},{"name":"SERVICE","state":"NOT_STARTED"}],"operationType":"CREATE_FUNCTION","buildName":"projects/1016390403599/locations/us-central1/builds/fbc3afd9-cece-4186-a270-085434bc83b0"},"done":false}
[debug] [2025-11-05T06:15:18.876Z] [create-default-us-central1-createClassMeetLink] Retrying task index 0
[debug] [2025-11-05T06:15:18.876Z] Checked if tokens are valid: true, expires at: 1762326718790
[debug] [2025-11-05T06:15:18.876Z] Checked if tokens are valid: true, expires at: 1762326718790
[debug] [2025-11-05T06:15:18.877Z] >>> [apiv2][query] GET https://cloudfunctions.googleapis.com/v2/projects/srcs-log-book/locations/us-central1/operations/operation-1762323305951-642d2dea16f87-c5ae65b3-61f1b181 [none]
[debug] [2025-11-05T06:15:20.052Z] <<< [apiv2][status] GET https://cloudfunctions.googleapis.com/v2/projects/srcs-log-book/locations/us-central1/operations/operation-1762323305951-642d2dea16f87-c5ae65b3-61f1b181 200
[debug] [2025-11-05T06:15:20.052Z] <<< [apiv2][body] GET https://cloudfunctions.googleapis.com/v2/projects/srcs-log-book/locations/us-central1/operations/operation-1762323305951-642d2dea16f87-c5ae65b3-61f1b181 {"name":"projects/srcs-log-book/locations/us-central1/operations/operation-1762323305951-642d2dea16f87-c5ae65b3-61f1b181","metadata":{"@type":"type.googleapis.com/google.cloud.functions.v2.OperationMetadata","createTime":"2025-11-05T06:15:07.068730283Z","target":"projects/srcs-log-book/locations/us-central1/functions/createClassMeetLink","verb":"create","cancelRequested":false,"apiVersion":"v2","requestResource":{"@type":"type.googleapis.com/google.cloud.functions.v2.Function","name":"projects/srcs-log-book/locations/us-central1/functions/createClassMeetLink","buildConfig":{"runtime":"nodejs20","entryPoint":"createClassMeetLink","source":{"storageSource":{"bucket":"gcf-v2-sources-1016390403599-us-central1","object":"createClassMeetLink/function-source.zip","generation":"1762323306202940"}},"environmentVariables":{"GOOGLE_NODE_RUN_SCRIPTS":""},"serviceAccount":"projects/srcs-log-book/serviceAccounts/1016390403599-compute@developer.gserviceaccount.com","automaticUpdatePolicy":{}},"serviceConfig":{"service":"projects/srcs-log-book/locations/us-central1/services/createclassmeetlink","timeoutSeconds":60,"environmentVariables":{"FIREBASE_CONFIG":"{\"projectId\":\"srcs-log-book\",\"storageBucket\":\"srcs-log-book.firebasestorage.app\"}","GCLOUD_PROJECT":"srcs-log-book","EVENTARC_CLOUD_EVENT_SOURCE":"projects/srcs-log-book/locations/us-central1/services/createClassMeetLink","FUNCTION_TARGET":"createClassMeetLink","LOG_EXECUTION_ID":"true"},"ingressSettings":"ALLOW_ALL","serviceAccountEmail":"1016390403599-compute@developer.gserviceaccount.com","availableMemory":"256Mi","maxInstanceRequestConcurrency":80,"availableCpu":"1"},"labels":{"deployment-tool":"cli-firebase","deployment-callable":"true","firebase-functions-hash":"ab0cc8eedf8000fdaeaacd1b31a2be9380ac3ef3"},"environment":"GEN_2"},"stages":[{"name":"BUILD","message":"Build in progress","state":"IN_PROGRESS","resource":"projects/1016390403599/locations/us-central1/builds/fbc3afd9-cece-4186-a270-085434bc83b0","resourceUri":"https://console.cloud.google.com/cloud-build/builds;region=us-central1/fbc3afd9-cece-4186-a270-085434bc83b0?project=1016390403599"},{"name":"SERVICE","state":"NOT_STARTED"}],"operationType":"CREATE_FUNCTION","buildName":"projects/1016390403599/locations/us-central1/builds/fbc3afd9-cece-4186-a270-085434bc83b0"},"done":false}
[debug] [2025-11-05T06:15:28.054Z] [create-default-us-central1-createClassMeetLink] Retrying task index 0
[debug] [2025-11-05T06:15:28.054Z] Checked if tokens are valid: true, expires at: 1762326718790
[debug] [2025-11-05T06:15:28.054Z] Checked if tokens are valid: true, expires at: 1762326718790
[debug] [2025-11-05T06:15:28.054Z] >>> [apiv2][query] GET https://cloudfunctions.googleapis.com/v2/projects/srcs-log-book/locations/us-central1/operations/operation-1762323305951-642d2dea16f87-c5ae65b3-61f1b181 [none]
[debug] [2025-11-05T06:15:29.366Z] <<< [apiv2][status] GET https://cloudfunctions.googleapis.com/v2/projects/srcs-log-book/locations/us-central1/operations/operation-1762323305951-642d2dea16f87-c5ae65b3-61f1b181 200
[debug] [2025-11-05T06:15:29.367Z] <<< [apiv2][body] GET https://cloudfunctions.googleapis.com/v2/projects/srcs-log-book/locations/us-central1/operations/operation-1762323305951-642d2dea16f87-c5ae65b3-61f1b181 {"name":"projects/srcs-log-book/locations/us-central1/operations/operation-1762323305951-642d2dea16f87-c5ae65b3-61f1b181","metadata":{"@type":"type.googleapis.com/google.cloud.functions.v2.OperationMetadata","createTime":"2025-11-05T06:15:07.068730283Z","target":"projects/srcs-log-book/locations/us-central1/functions/createClassMeetLink","verb":"create","cancelRequested":false,"apiVersion":"v2","requestResource":{"@type":"type.googleapis.com/google.cloud.functions.v2.Function","name":"projects/srcs-log-book/locations/us-central1/functions/createClassMeetLink","buildConfig":{"runtime":"nodejs20","entryPoint":"createClassMeetLink","source":{"storageSource":{"bucket":"gcf-v2-sources-1016390403599-us-central1","object":"createClassMeetLink/function-source.zip","generation":"1762323306202940"}},"environmentVariables":{"GOOGLE_NODE_RUN_SCRIPTS":""},"serviceAccount":"projects/srcs-log-book/serviceAccounts/1016390403599-compute@developer.gserviceaccount.com","automaticUpdatePolicy":{}},"serviceConfig":{"service":"projects/srcs-log-book/locations/us-central1/services/createclassmeetlink","timeoutSeconds":60,"environmentVariables":{"FIREBASE_CONFIG":"{\"projectId\":\"srcs-log-book\",\"storageBucket\":\"srcs-log-book.firebasestorage.app\"}","GCLOUD_PROJECT":"srcs-log-book","EVENTARC_CLOUD_EVENT_SOURCE":"projects/srcs-log-book/locations/us-central1/services/createClassMeetLink","FUNCTION_TARGET":"createClassMeetLink","LOG_EXECUTION_ID":"true"},"ingressSettings":"ALLOW_ALL","serviceAccountEmail":"1016390403599-compute@developer.gserviceaccount.com","availableMemory":"256Mi","maxInstanceRequestConcurrency":80,"availableCpu":"1"},"labels":{"deployment-tool":"cli-firebase","deployment-callable":"true","firebase-functions-hash":"ab0cc8eedf8000fdaeaacd1b31a2be9380ac3ef3"},"environment":"GEN_2"},"stages":[{"name":"BUILD","message":"Build in progress","state":"IN_PROGRESS","resource":"projects/1016390403599/locations/us-central1/builds/fbc3afd9-cece-4186-a270-085434bc83b0","resourceUri":"https://console.cloud.google.com/cloud-build/builds;region=us-central1/fbc3afd9-cece-4186-a270-085434bc83b0?project=1016390403599"},{"name":"SERVICE","state":"NOT_STARTED"}],"operationType":"CREATE_FUNCTION","buildName":"projects/1016390403599/locations/us-central1/builds/fbc3afd9-cece-4186-a270-085434bc83b0"},"done":false}
[debug] [2025-11-05T06:15:39.367Z] [create-default-us-central1-createClassMeetLink] Retrying task index 0
[debug] [2025-11-05T06:15:39.368Z] Checked if tokens are valid: true, expires at: 1762326718790
[debug] [2025-11-05T06:15:39.368Z] Checked if tokens are valid: true, expires at: 1762326718790
[debug] [2025-11-05T06:15:39.368Z] >>> [apiv2][query] GET https://cloudfunctions.googleapis.com/v2/projects/srcs-log-book/locations/us-central1/operations/operation-1762323305951-642d2dea16f87-c5ae65b3-61f1b181 [none]
[debug] [2025-11-05T06:15:40.637Z] <<< [apiv2][status] GET https://cloudfunctions.googleapis.com/v2/projects/srcs-log-book/locations/us-central1/operations/operation-1762323305951-642d2dea16f87-c5ae65b3-61f1b181 200
[debug] [2025-11-05T06:15:40.637Z] <<< [apiv2][body] GET https://cloudfunctions.googleapis.com/v2/projects/srcs-log-book/locations/us-central1/operations/operation-1762323305951-642d2dea16f87-c5ae65b3-61f1b181 {"name":"projects/srcs-log-book/locations/us-central1/operations/operation-1762323305951-642d2dea16f87-c5ae65b3-61f1b181","metadata":{"@type":"type.googleapis.com/google.cloud.functions.v2.OperationMetadata","createTime":"2025-11-05T06:15:07.068730283Z","target":"projects/srcs-log-book/locations/us-central1/functions/createClassMeetLink","verb":"create","cancelRequested":false,"apiVersion":"v2","requestResource":{"@type":"type.googleapis.com/google.cloud.functions.v2.Function","name":"projects/srcs-log-book/locations/us-central1/functions/createClassMeetLink","buildConfig":{"runtime":"nodejs20","entryPoint":"createClassMeetLink","source":{"storageSource":{"bucket":"gcf-v2-sources-1016390403599-us-central1","object":"createClassMeetLink/function-source.zip","generation":"1762323306202940"}},"environmentVariables":{"GOOGLE_NODE_RUN_SCRIPTS":""},"serviceAccount":"projects/srcs-log-book/serviceAccounts/1016390403599-compute@developer.gserviceaccount.com","automaticUpdatePolicy":{}},"serviceConfig":{"service":"projects/srcs-log-book/locations/us-central1/services/createclassmeetlink","timeoutSeconds":60,"environmentVariables":{"FIREBASE_CONFIG":"{\"projectId\":\"srcs-log-book\",\"storageBucket\":\"srcs-log-book.firebasestorage.app\"}","GCLOUD_PROJECT":"srcs-log-book","EVENTARC_CLOUD_EVENT_SOURCE":"projects/srcs-log-book/locations/us-central1/services/createClassMeetLink","FUNCTION_TARGET":"createClassMeetLink","LOG_EXECUTION_ID":"true"},"ingressSettings":"ALLOW_ALL","serviceAccountEmail":"1016390403599-compute@developer.gserviceaccount.com","availableMemory":"256Mi","maxInstanceRequestConcurrency":80,"availableCpu":"1"},"labels":{"deployment-tool":"cli-firebase","deployment-callable":"true","firebase-functions-hash":"ab0cc8eedf8000fdaeaacd1b31a2be9380ac3ef3"},"environment":"GEN_2"},"stages":[{"name":"BUILD","message":"Build in progress","state":"IN_PROGRESS","resource":"projects/1016390403599/locations/us-central1/builds/fbc3afd9-cece-4186-a270-085434bc83b0","resourceUri":"https://console.cloud.google.com/cloud-build/builds;region=us-central1/fbc3afd9-cece-4186-a270-085434bc83b0?project=1016390403599"},{"name":"SERVICE","state":"NOT_STARTED"}],"operationType":"CREATE_FUNCTION","buildName":"projects/1016390403599/locations/us-central1/builds/fbc3afd9-cece-4186-a270-085434bc83b0"},"done":false}
[debug] [2025-11-05T06:15:50.640Z] [create-default-us-central1-createClassMeetLink] Retrying task index 0
[debug] [2025-11-05T06:15:50.640Z] Checked if tokens are valid: true, expires at: 1762326718790
[debug] [2025-11-05T06:15:50.640Z] Checked if tokens are valid: true, expires at: 1762326718790
[debug] [2025-11-05T06:15:50.640Z] >>> [apiv2][query] GET https://cloudfunctions.googleapis.com/v2/projects/srcs-log-book/locations/us-central1/operations/operation-1762323305951-642d2dea16f87-c5ae65b3-61f1b181 [none]
[debug] [2025-11-05T06:15:51.901Z] <<< [apiv2][status] GET https://cloudfunctions.googleapis.com/v2/projects/srcs-log-book/locations/us-central1/operations/operation-1762323305951-642d2dea16f87-c5ae65b3-61f1b181 200
[debug] [2025-11-05T06:15:51.902Z] <<< [apiv2][body] GET https://cloudfunctions.googleapis.com/v2/projects/srcs-log-book/locations/us-central1/operations/operation-1762323305951-642d2dea16f87-c5ae65b3-61f1b181 {"name":"projects/srcs-log-book/locations/us-central1/operations/operation-1762323305951-642d2dea16f87-c5ae65b3-61f1b181","metadata":{"@type":"type.googleapis.com/google.cloud.functions.v2.OperationMetadata","createTime":"2025-11-05T06:15:07.068730283Z","target":"projects/srcs-log-book/locations/us-central1/functions/createClassMeetLink","verb":"create","cancelRequested":false,"apiVersion":"v2","requestResource":{"@type":"type.googleapis.com/google.cloud.functions.v2.Function","name":"projects/srcs-log-book/locations/us-central1/functions/createClassMeetLink","buildConfig":{"runtime":"nodejs20","entryPoint":"createClassMeetLink","source":{"storageSource":{"bucket":"gcf-v2-sources-1016390403599-us-central1","object":"createClassMeetLink/function-source.zip","generation":"1762323306202940"}},"environmentVariables":{"GOOGLE_NODE_RUN_SCRIPTS":""},"serviceAccount":"projects/srcs-log-book/serviceAccounts/1016390403599-compute@developer.gserviceaccount.com","automaticUpdatePolicy":{}},"serviceConfig":{"service":"projects/srcs-log-book/locations/us-central1/services/createclassmeetlink","timeoutSeconds":60,"environmentVariables":{"FIREBASE_CONFIG":"{\"projectId\":\"srcs-log-book\",\"storageBucket\":\"srcs-log-book.firebasestorage.app\"}","GCLOUD_PROJECT":"srcs-log-book","EVENTARC_CLOUD_EVENT_SOURCE":"projects/srcs-log-book/locations/us-central1/services/createClassMeetLink","FUNCTION_TARGET":"createClassMeetLink","LOG_EXECUTION_ID":"true"},"ingressSettings":"ALLOW_ALL","serviceAccountEmail":"1016390403599-compute@developer.gserviceaccount.com","availableMemory":"256Mi","maxInstanceRequestConcurrency":80,"availableCpu":"1"},"labels":{"deployment-tool":"cli-firebase","deployment-callable":"true","firebase-functions-hash":"ab0cc8eedf8000fdaeaacd1b31a2be9380ac3ef3"},"environment":"GEN_2"},"stages":[{"name":"BUILD","message":"Build in progress","state":"IN_PROGRESS","resource":"projects/1016390403599/locations/us-central1/builds/fbc3afd9-cece-4186-a270-085434bc83b0","resourceUri":"https://console.cloud.google.com/cloud-build/builds;region=us-central1/fbc3afd9-cece-4186-a270-085434bc83b0?project=1016390403599"},{"name":"SERVICE","state":"NOT_STARTED"}],"operationType":"CREATE_FUNCTION","buildName":"projects/1016390403599/locations/us-central1/builds/fbc3afd9-cece-4186-a270-085434bc83b0"},"done":false}
[debug] [2025-11-05T06:16:01.902Z] [create-default-us-central1-createClassMeetLink] Retrying task index 0
[debug] [2025-11-05T06:16:01.903Z] Checked if tokens are valid: true, expires at: 1762326718790
[debug] [2025-11-05T06:16:01.903Z] Checked if tokens are valid: true, expires at: 1762326718790
[debug] [2025-11-05T06:16:01.903Z] >>> [apiv2][query] GET https://cloudfunctions.googleapis.com/v2/projects/srcs-log-book/locations/us-central1/operations/operation-1762323305951-642d2dea16f87-c5ae65b3-61f1b181 [none]
[debug] [2025-11-05T06:16:03.092Z] <<< [apiv2][status] GET https://cloudfunctions.googleapis.com/v2/projects/srcs-log-book/locations/us-central1/operations/operation-1762323305951-642d2dea16f87-c5ae65b3-61f1b181 200
[debug] [2025-11-05T06:16:03.092Z] <<< [apiv2][body] GET https://cloudfunctions.googleapis.com/v2/projects/srcs-log-book/locations/us-central1/operations/operation-1762323305951-642d2dea16f87-c5ae65b3-61f1b181 {"name":"projects/srcs-log-book/locations/us-central1/operations/operation-1762323305951-642d2dea16f87-c5ae65b3-61f1b181","metadata":{"@type":"type.googleapis.com/google.cloud.functions.v2.OperationMetadata","createTime":"2025-11-05T06:15:07.068730283Z","target":"projects/srcs-log-book/locations/us-central1/functions/createClassMeetLink","verb":"create","cancelRequested":false,"apiVersion":"v2","requestResource":{"@type":"type.googleapis.com/google.cloud.functions.v2.Function","name":"projects/srcs-log-book/locations/us-central1/functions/createClassMeetLink","buildConfig":{"runtime":"nodejs20","entryPoint":"createClassMeetLink","source":{"storageSource":{"bucket":"gcf-v2-sources-1016390403599-us-central1","object":"createClassMeetLink/function-source.zip","generation":"1762323306202940"}},"environmentVariables":{"GOOGLE_NODE_RUN_SCRIPTS":""},"serviceAccount":"projects/srcs-log-book/serviceAccounts/1016390403599-compute@developer.gserviceaccount.com","automaticUpdatePolicy":{}},"serviceConfig":{"service":"projects/srcs-log-book/locations/us-central1/services/createclassmeetlink","timeoutSeconds":60,"environmentVariables":{"FIREBASE_CONFIG":"{\"projectId\":\"srcs-log-book\",\"storageBucket\":\"srcs-log-book.firebasestorage.app\"}","GCLOUD_PROJECT":"srcs-log-book","EVENTARC_CLOUD_EVENT_SOURCE":"projects/srcs-log-book/locations/us-central1/services/createClassMeetLink","FUNCTION_TARGET":"createClassMeetLink","LOG_EXECUTION_ID":"true"},"ingressSettings":"ALLOW_ALL","serviceAccountEmail":"1016390403599-compute@developer.gserviceaccount.com","availableMemory":"256Mi","maxInstanceRequestConcurrency":80,"availableCpu":"1"},"labels":{"deployment-tool":"cli-firebase","deployment-callable":"true","firebase-functions-hash":"ab0cc8eedf8000fdaeaacd1b31a2be9380ac3ef3"},"environment":"GEN_2"},"stages":[{"name":"BUILD","message":"Build in progress","state":"IN_PROGRESS","resource":"projects/1016390403599/locations/us-central1/builds/fbc3afd9-cece-4186-a270-085434bc83b0","resourceUri":"https://console.cloud.google.com/cloud-build/builds;region=us-central1/fbc3afd9-cece-4186-a270-085434bc83b0?project=1016390403599"},{"name":"SERVICE","state":"NOT_STARTED"}],"operationType":"CREATE_FUNCTION","buildName":"projects/1016390403599/locations/us-central1/builds/fbc3afd9-cece-4186-a270-085434bc83b0"},"done":false}
[debug] [2025-11-05T06:16:13.123Z] [create-default-us-central1-createClassMeetLink] Retrying task index 0
[debug] [2025-11-05T06:16:13.123Z] Checked if tokens are valid: true, expires at: 1762326718790
[debug] [2025-11-05T06:16:13.127Z] Checked if tokens are valid: true, expires at: 1762326718790
[debug] [2025-11-05T06:16:13.127Z] >>> [apiv2][query] GET https://cloudfunctions.googleapis.com/v2/projects/srcs-log-book/locations/us-central1/operations/operation-1762323305951-642d2dea16f87-c5ae65b3-61f1b181 [none]
[debug] [2025-11-05T06:16:14.436Z] <<< [apiv2][status] GET https://cloudfunctions.googleapis.com/v2/projects/srcs-log-book/locations/us-central1/operations/operation-1762323305951-642d2dea16f87-c5ae65b3-61f1b181 200
[debug] [2025-11-05T06:16:14.437Z] <<< [apiv2][body] GET https://cloudfunctions.googleapis.com/v2/projects/srcs-log-book/locations/us-central1/operations/operation-1762323305951-642d2dea16f87-c5ae65b3-61f1b181 {"name":"projects/srcs-log-book/locations/us-central1/operations/operation-1762323305951-642d2dea16f87-c5ae65b3-61f1b181","metadata":{"@type":"type.googleapis.com/google.cloud.functions.v2.OperationMetadata","createTime":"2025-11-05T06:15:07.068730283Z","target":"projects/srcs-log-book/locations/us-central1/functions/createClassMeetLink","verb":"create","cancelRequested":false,"apiVersion":"v2","requestResource":{"@type":"type.googleapis.com/google.cloud.functions.v2.Function","name":"projects/srcs-log-book/locations/us-central1/functions/createClassMeetLink","buildConfig":{"runtime":"nodejs20","entryPoint":"createClassMeetLink","source":{"storageSource":{"bucket":"gcf-v2-sources-1016390403599-us-central1","object":"createClassMeetLink/function-source.zip","generation":"1762323306202940"}},"environmentVariables":{"GOOGLE_NODE_RUN_SCRIPTS":""},"serviceAccount":"projects/srcs-log-book/serviceAccounts/1016390403599-compute@developer.gserviceaccount.com","automaticUpdatePolicy":{}},"serviceConfig":{"service":"projects/srcs-log-book/locations/us-central1/services/createclassmeetlink","timeoutSeconds":60,"environmentVariables":{"FIREBASE_CONFIG":"{\"projectId\":\"srcs-log-book\",\"storageBucket\":\"srcs-log-book.firebasestorage.app\"}","GCLOUD_PROJECT":"srcs-log-book","EVENTARC_CLOUD_EVENT_SOURCE":"projects/srcs-log-book/locations/us-central1/services/createClassMeetLink","FUNCTION_TARGET":"createClassMeetLink","LOG_EXECUTION_ID":"true"},"ingressSettings":"ALLOW_ALL","serviceAccountEmail":"1016390403599-compute@developer.gserviceaccount.com","availableMemory":"256Mi","maxInstanceRequestConcurrency":80,"availableCpu":"1"},"labels":{"deployment-tool":"cli-firebase","deployment-callable":"true","firebase-functions-hash":"ab0cc8eedf8000fdaeaacd1b31a2be9380ac3ef3"},"environment":"GEN_2"},"stages":[{"name":"BUILD","message":"Build finished","state":"COMPLETE","resource":"projects/1016390403599/locations/us-central1/builds/fbc3afd9-cece-4186-a270-085434bc83b0","resourceUri":"https://console.cloud.google.com/cloud-build/builds;region=us-central1/fbc3afd9-cece-4186-a270-085434bc83b0?project=1016390403599"},{"name":"SERVICE","message":"Creating Cloud Run service","state":"IN_PROGRESS","resource":"projects/srcs-log-book/locations/us-central1/services/createclassmeetlink","resourceUri":"https://console.cloud.google.com/run/detail/us-central1/createclassmeetlink?project=srcs-log-book"}],"sourceToken":"Clhwcm9qZWN0cy8xMDE2MzkwNDAzNTk5L2xvY2F0aW9ucy91cy1jZW50cmFsMS9idWlsZHMvZmJjM2FmZDktY2VjZS00MTg2LWEyNzAtMDg1NDM0YmM4M2IwEnZ1cy1jZW50cmFsMS1kb2NrZXIucGtnLmRldi9zcmNzLWxvZy1ib29rL2djZi1hcnRpZmFjdHMvc3Jjcy0tbG9nLS1ib29rX191cy0tY2VudHJhbDFfX2NyZWF0ZV9jbGFzc19tZWV0X2xpbms6dmVyc2lvbl8xGI+M26zKHSJKcHJvamVjdHMvc3Jjcy1sb2ctYm9vay9sb2NhdGlvbnMvdXMtY2VudHJhbDEvZnVuY3Rpb25zL2NyZWF0ZUNsYXNzTWVldExpbmsqDAir16vIBhCg/Ju3AzIIbm9kZWpzMjA6dgojZ2NyLmlvL2dhZS1ydW50aW1lcy9ub2RlanMyMDpzdGFibGUST3VzLWNlbnRyYWwxLWRvY2tlci5wa2cuZGV2L3NlcnZlcmxlc3MtcnVudGltZXMvZ29vZ2xlLTIyLWZ1bGwvcnVudGltZXMvbm9kZWpzMjBAAQ==","operationType":"CREATE_FUNCTION","buildName":"projects/1016390403599/locations/us-central1/builds/fbc3afd9-cece-4186-a270-085434bc83b0"},"done":false}
[debug] [2025-11-05T06:16:14.437Z] Got source token Clhwcm9qZWN0cy8xMDE2MzkwNDAzNTk5L2xvY2F0aW9ucy91cy1jZW50cmFsMS9idWlsZHMvZmJjM2FmZDktY2VjZS00MTg2LWEyNzAtMDg1NDM0YmM4M2IwEnZ1cy1jZW50cmFsMS1kb2NrZXIucGtnLmRldi9zcmNzLWxvZy1ib29rL2djZi1hcnRpZmFjdHMvc3Jjcy0tbG9nLS1ib29rX191cy0tY2VudHJhbDFfX2NyZWF0ZV9jbGFzc19tZWV0X2xpbms6dmVyc2lvbl8xGI+M26zKHSJKcHJvamVjdHMvc3Jjcy1sb2ctYm9vay9sb2NhdGlvbnMvdXMtY2VudHJhbDEvZnVuY3Rpb25zL2NyZWF0ZUNsYXNzTWVldExpbmsqDAir16vIBhCg/Ju3AzIIbm9kZWpzMjA6dgojZ2NyLmlvL2dhZS1ydW50aW1lcy9ub2RlanMyMDpzdGFibGUST3VzLWNlbnRyYWwxLWRvY2tlci5wa2cuZGV2L3NlcnZlcmxlc3MtcnVudGltZXMvZ29vZ2xlLTIyLWZ1bGwvcnVudGltZXMvbm9kZWpzMjBAAQ== for region us-central1
[debug] [2025-11-05T06:16:24.440Z] [create-default-us-central1-createClassMeetLink] Retrying task index 0
[debug] [2025-11-05T06:16:24.440Z] Checked if tokens are valid: true, expires at: 1762326718790
[debug] [2025-11-05T06:16:24.440Z] Checked if tokens are valid: true, expires at: 1762326718790
[debug] [2025-11-05T06:16:24.440Z] >>> [apiv2][query] GET https://cloudfunctions.googleapis.com/v2/projects/srcs-log-book/locations/us-central1/operations/operation-1762323305951-642d2dea16f87-c5ae65b3-61f1b181 [none]
[debug] [2025-11-05T06:16:25.628Z] <<< [apiv2][status] GET https://cloudfunctions.googleapis.com/v2/projects/srcs-log-book/locations/us-central1/operations/operation-1762323305951-642d2dea16f87-c5ae65b3-61f1b181 200
[debug] [2025-11-05T06:16:25.628Z] <<< [apiv2][body] GET https://cloudfunctions.googleapis.com/v2/projects/srcs-log-book/locations/us-central1/operations/operation-1762323305951-642d2dea16f87-c5ae65b3-61f1b181 {"name":"projects/srcs-log-book/locations/us-central1/operations/operation-1762323305951-642d2dea16f87-c5ae65b3-61f1b181","metadata":{"@type":"type.googleapis.com/google.cloud.functions.v2.OperationMetadata","createTime":"2025-11-05T06:15:07.068730283Z","target":"projects/srcs-log-book/locations/us-central1/functions/createClassMeetLink","verb":"create","cancelRequested":false,"apiVersion":"v2","requestResource":{"@type":"type.googleapis.com/google.cloud.functions.v2.Function","name":"projects/srcs-log-book/locations/us-central1/functions/createClassMeetLink","buildConfig":{"runtime":"nodejs20","entryPoint":"createClassMeetLink","source":{"storageSource":{"bucket":"gcf-v2-sources-1016390403599-us-central1","object":"createClassMeetLink/function-source.zip","generation":"1762323306202940"}},"environmentVariables":{"GOOGLE_NODE_RUN_SCRIPTS":""},"serviceAccount":"projects/srcs-log-book/serviceAccounts/1016390403599-compute@developer.gserviceaccount.com","automaticUpdatePolicy":{}},"serviceConfig":{"service":"projects/srcs-log-book/locations/us-central1/services/createclassmeetlink","timeoutSeconds":60,"environmentVariables":{"FIREBASE_CONFIG":"{\"projectId\":\"srcs-log-book\",\"storageBucket\":\"srcs-log-book.firebasestorage.app\"}","GCLOUD_PROJECT":"srcs-log-book","EVENTARC_CLOUD_EVENT_SOURCE":"projects/srcs-log-book/locations/us-central1/services/createClassMeetLink","FUNCTION_TARGET":"createClassMeetLink","LOG_EXECUTION_ID":"true"},"ingressSettings":"ALLOW_ALL","serviceAccountEmail":"1016390403599-compute@developer.gserviceaccount.com","availableMemory":"256Mi","maxInstanceRequestConcurrency":80,"availableCpu":"1"},"labels":{"deployment-tool":"cli-firebase","deployment-callable":"true","firebase-functions-hash":"ab0cc8eedf8000fdaeaacd1b31a2be9380ac3ef3"},"environment":"GEN_2"},"stages":[{"name":"ARTIFACT_REGISTRY","state":"NOT_STARTED"},{"name":"SERVICE","message":"Deleting Cloud Run service","state":"IN_PROGRESS","resource":"projects/srcs-log-book/locations/us-central1/services/createclassmeetlink"}],"operationType":"CREATE_FUNCTION"},"done":false}
[debug] [2025-11-05T06:16:35.628Z] [create-default-us-central1-createClassMeetLink] Retrying task index 0
[debug] [2025-11-05T06:16:35.628Z] Checked if tokens are valid: true, expires at: 1762326718790
[debug] [2025-11-05T06:16:35.629Z] Checked if tokens are valid: true, expires at: 1762326718790
[debug] [2025-11-05T06:16:35.629Z] >>> [apiv2][query] GET https://cloudfunctions.googleapis.com/v2/projects/srcs-log-book/locations/us-central1/operations/operation-1762323305951-642d2dea16f87-c5ae65b3-61f1b181 [none]
[debug] [2025-11-05T06:16:36.957Z] <<< [apiv2][status] GET https://cloudfunctions.googleapis.com/v2/projects/srcs-log-book/locations/us-central1/operations/operation-1762323305951-642d2dea16f87-c5ae65b3-61f1b181 200
[debug] [2025-11-05T06:16:36.957Z] <<< [apiv2][body] GET https://cloudfunctions.googleapis.com/v2/projects/srcs-log-book/locations/us-central1/operations/operation-1762323305951-642d2dea16f87-c5ae65b3-61f1b181 {"name":"projects/srcs-log-book/locations/us-central1/operations/operation-1762323305951-642d2dea16f87-c5ae65b3-61f1b181","metadata":{"@type":"type.googleapis.com/google.cloud.functions.v2.OperationMetadata","createTime":"2025-11-05T06:15:07.068730283Z","endTime":"2025-11-05T06:16:26.512003069Z","target":"projects/srcs-log-book/locations/us-central1/functions/createClassMeetLink","verb":"create","cancelRequested":false,"apiVersion":"v2","requestResource":{"@type":"type.googleapis.com/google.cloud.functions.v2.Function","name":"projects/srcs-log-book/locations/us-central1/functions/createClassMeetLink","buildConfig":{"runtime":"nodejs20","entryPoint":"createClassMeetLink","source":{"storageSource":{"bucket":"gcf-v2-sources-1016390403599-us-central1","object":"createClassMeetLink/function-source.zip","generation":"1762323306202940"}},"environmentVariables":{"GOOGLE_NODE_RUN_SCRIPTS":""},"serviceAccount":"projects/srcs-log-book/serviceAccounts/1016390403599-compute@developer.gserviceaccount.com","automaticUpdatePolicy":{}},"serviceConfig":{"service":"projects/srcs-log-book/locations/us-central1/services/createclassmeetlink","timeoutSeconds":60,"environmentVariables":{"FIREBASE_CONFIG":"{\"projectId\":\"srcs-log-book\",\"storageBucket\":\"srcs-log-book.firebasestorage.app\"}","GCLOUD_PROJECT":"srcs-log-book","EVENTARC_CLOUD_EVENT_SOURCE":"projects/srcs-log-book/locations/us-central1/services/createClassMeetLink","FUNCTION_TARGET":"createClassMeetLink","LOG_EXECUTION_ID":"true"},"ingressSettings":"ALLOW_ALL","serviceAccountEmail":"1016390403599-compute@developer.gserviceaccount.com","availableMemory":"256Mi","maxInstanceRequestConcurrency":80,"availableCpu":"1"},"labels":{"deployment-tool":"cli-firebase","deployment-callable":"true","firebase-functions-hash":"ab0cc8eedf8000fdaeaacd1b31a2be9380ac3ef3"},"environment":"GEN_2"},"stages":[{"name":"ARTIFACT_REGISTRY","message":"Deleting function artifacts in Artifact Registry","state":"COMPLETE"},{"name":"SERVICE","message":"Deleting Cloud Run service","state":"COMPLETE","resource":"projects/srcs-log-book/locations/us-central1/services/createclassmeetlink"}],"operationType":"CREATE_FUNCTION"},"done":true,"error":{"code":3,"message":"Could not create or update Cloud Run service createclassmeetlink, Container Healthcheck failed. Revision 'createclassmeetlink-00001-pey' is not ready and cannot serve traffic. The user-provided container failed to start and listen on the port defined provided by the PORT=8080 environment variable within the allocated timeout. This can happen when the container port is misconfigured or if the timeout is too short. The health check timeout can be extended. Logs for this revision might contain more information.\n\nLogs URL: https://console.cloud.google.com/logs/viewer?project=srcs-log-book&resource=cloud_run_revision/service_name/createclassmeetlink/revision_name/createclassmeetlink-00001-pey&advancedFilter=resource.type%3D%22cloud_run_revision%22%0Aresource.labels.service_name%3D%22createclassmeetlink%22%0Aresource.labels.revision_name%3D%22createclassmeetlink-00001-pey%22 \nFor more troubleshooting guidance, see https://cloud.google.com/run/docs/troubleshooting#container-failed-to-start"}}
[debug] [2025-11-05T06:16:36.958Z] Got source token undefined for region us-central1
[error] Could not create or update Cloud Run service createclassmeetlink, Container Healthcheck failed. Revision 'createclassmeetlink-00001-pey' is not ready and cannot serve traffic. The user-provided container failed to start and listen on the port defined provided by the PORT=8080 environment variable within the allocated timeout. This can happen when the container port is misconfigured or if the timeout is too short. The health check timeout can be extended. Logs for this revision might contain more information.

Logs URL: https://console.cloud.google.com/logs/viewer?project=srcs-log-book&resource=cloud_run_revision/service_name/createclassmeetlink/revision_name/createclassmeetlink-00001-pey&advancedFilter=resource.type%3D%22cloud_run_revision%22%0Aresource.labels.service_name%3D%22createclassmeetlink%22%0Aresource.labels.revision_name%3D%22createclassmeetlink-00001-pey%22 
For more troubleshooting guidance, see https://cloud.google.com/run/docs/troubleshooting#container-failed-to-start
[debug] [2025-11-05T06:16:36.967Z] Total Function Deployment time: 92194
[debug] [2025-11-05T06:16:36.967Z] 1 Functions Deployed
[debug] [2025-11-05T06:16:36.967Z] 1 Functions Errored
[debug] [2025-11-05T06:16:36.967Z] 0 Function Deployments Aborted
[debug] [2025-11-05T06:16:36.967Z] Average Function Deployment time: 92192
[info] 
[info] Functions deploy had errors with the following functions:
	createClassMeetLink(us-central1)
[debug] [2025-11-05T06:16:37.357Z] Checked if tokens are valid: true, expires at: 1762326718790
[debug] [2025-11-05T06:16:37.357Z] Checked if tokens are valid: true, expires at: 1762326718790
[debug] [2025-11-05T06:16:37.357Z] >>> [apiv2][query] GET https://artifactregistry.googleapis.com/v1/projects/srcs-log-book/locations/us-central1/repositories/gcf-artifacts [none]
[debug] [2025-11-05T06:16:38.838Z] <<< [apiv2][status] GET https://artifactregistry.googleapis.com/v1/projects/srcs-log-book/locations/us-central1/repositories/gcf-artifacts 200
[debug] [2025-11-05T06:16:38.838Z] <<< [apiv2][body] GET https://artifactregistry.googleapis.com/v1/projects/srcs-log-book/locations/us-central1/repositories/gcf-artifacts {"name":"projects/srcs-log-book/locations/us-central1/repositories/gcf-artifacts","format":"DOCKER","description":"This repository is created and used by Cloud Functions for storing function docker images.","labels":{"goog-managed-by":"cloudfunctions"},"createTime":"2025-07-24T09:35:05.886221Z","updateTime":"2025-11-05T06:16:26.336275Z","mode":"STANDARD_REPOSITORY","cleanupPolicies":{"firebase-functions-cleanup":{"id":"firebase-functions-cleanup","action":"DELETE","condition":{"tagState":"ANY","olderThan":"86400s"}}},"sizeBytes":"116061756","vulnerabilityScanningConfig":{"lastEnableTime":"2025-07-24T09:34:57.088987153Z","enablementState":"SCANNING_DISABLED","enablementStateReason":"API containerscanning.googleapis.com is not enabled."},"satisfiesPzi":true,"registryUri":"us-central1-docker.pkg.dev/srcs-log-book/gcf-artifacts"}
[debug] [2025-11-05T06:16:38.839Z] Functions deploy failed.
[debug] [2025-11-05T06:16:38.839Z] {
  "endpoint": {
    "id": "createClassMeetLink",
    "project": "srcs-log-book",
    "region": "us-central1",
    "entryPoint": "createClassMeetLink",
    "platform": "gcfv2",
    "runtime": "nodejs20",
    "callableTrigger": {},
    "labels": {
      "deployment-tool": "cli-firebase"
    },
    "serviceAccount": null,
    "ingressSettings": null,
    "availableMemoryMb": null,
    "timeoutSeconds": null,
    "maxInstances": null,
    "minInstances": null,
    "concurrency": 80,
    "vpc": null,
    "environmentVariables": {
      "FIREBASE_CONFIG": "{\"projectId\":\"srcs-log-book\",\"storageBucket\":\"srcs-log-book.firebasestorage.app\"}",
      "GCLOUD_PROJECT": "srcs-log-book",
      "EVENTARC_CLOUD_EVENT_SOURCE": "projects/srcs-log-book/locations/us-central1/services/createClassMeetLink"
    },
    "codebase": "default",
    "cpu": 1,
    "targetedByOnly": true,
    "hash": "ab0cc8eedf8000fdaeaacd1b31a2be9380ac3ef3"
  },
  "op": "create",
  "original": {
    "name": "FirebaseError",
    "children": [],
    "exit": 1,
    "message": "Could not create or update Cloud Run service createclassmeetlink, Container Healthcheck failed. Revision 'createclassmeetlink-00001-pey' is not ready and cannot serve traffic. The user-provided container failed to start and listen on the port defined provided by the PORT=8080 environment variable within the allocated timeout. This can happen when the container port is misconfigured or if the timeout is too short. The health check timeout can be extended. Logs for this revision might contain more information.\n\nLogs URL: https://console.cloud.google.com/logs/viewer?project=srcs-log-book&resource=cloud_run_revision/service_name/createclassmeetlink/revision_name/createclassmeetlink-00001-pey&advancedFilter=resource.type%3D%22cloud_run_revision%22%0Aresource.labels.service_name%3D%22createclassmeetlink%22%0Aresource.labels.revision_name%3D%22createclassmeetlink-00001-pey%22 \nFor more troubleshooting guidance, see https://cloud.google.com/run/docs/troubleshooting#container-failed-to-start",
    "original": {
      "code": 3,
      "message": "Could not create or update Cloud Run service createclassmeetlink, Container Healthcheck failed. Revision 'createclassmeetlink-00001-pey' is not ready and cannot serve traffic. The user-provided container failed to start and listen on the port defined provided by the PORT=8080 environment variable within the allocated timeout. This can happen when the container port is misconfigured or if the timeout is too short. The health check timeout can be extended. Logs for this revision might contain more information.\n\nLogs URL: https://console.cloud.google.com/logs/viewer?project=srcs-log-book&resource=cloud_run_revision/service_name/createclassmeetlink/revision_name/createclassmeetlink-00001-pey&advancedFilter=resource.type%3D%22cloud_run_revision%22%0Aresource.labels.service_name%3D%22createclassmeetlink%22%0Aresource.labels.revision_name%3D%22createclassmeetlink-00001-pey%22 \nFor more troubleshooting guidance, see https://cloud.google.com/run/docs/troubleshooting#container-failed-to-start"
    },
    "status": 3,
    "code": 3
  }
}
[debug] [2025-11-05T06:16:38.977Z] Error: Failed to create function createClassMeetLink in region us-central1
    at /Users/macbookair/.nvm/versions/node/v22.19.0/lib/node_modules/firebase-tools/lib/deploy/functions/release/fabricator.js:306:27
    at process.processTicksAndRejections (node:internal/process/task_queues:105:5)
    at async Fabricator.createV2Function (/Users/macbookair/.nvm/versions/node/v22.19.0/lib/node_modules/firebase-tools/lib/deploy/functions/release/fabricator.js:290:30)
    at async Fabricator.createEndpoint (/Users/macbookair/.nvm/versions/node/v22.19.0/lib/node_modules/firebase-tools/lib/deploy/functions/release/fabricator.js:137:13)
    at async handle (/Users/macbookair/.nvm/versions/node/v22.19.0/lib/node_modules/firebase-tools/lib/deploy/functions/release/fabricator.js:89:17)
[error] 
[error] Error: There was an error deploying functions
